ARM GAS  /tmp/cck6FnqE.s 			page 1


   1              		.cpu cortex-m4
   2              		.eabi_attribute 27, 1
   3              		.eabi_attribute 28, 1
   4              		.eabi_attribute 20, 1
   5              		.eabi_attribute 21, 1
   6              		.eabi_attribute 23, 3
   7              		.eabi_attribute 24, 1
   8              		.eabi_attribute 25, 1
   9              		.eabi_attribute 26, 1
  10              		.eabi_attribute 30, 1
  11              		.eabi_attribute 34, 1
  12              		.eabi_attribute 18, 4
  13              		.file	"stm32l4xx_hal_msp.c"
  14              		.text
  15              	.Ltext0:
  16              		.cfi_sections	.debug_frame
  17              		.section	.text.HAL_MspInit,"ax",%progbits
  18              		.align	1
  19              		.global	HAL_MspInit
  20              		.syntax unified
  21              		.thumb
  22              		.thumb_func
  23              		.fpu fpv4-sp-d16
  25              	HAL_MspInit:
  26              	.LFB130:
  27              		.file 1 "Src/stm32l4xx_hal_msp.c"
   1:Src/stm32l4xx_hal_msp.c **** /* USER CODE BEGIN Header */
   2:Src/stm32l4xx_hal_msp.c **** /**
   3:Src/stm32l4xx_hal_msp.c ****   ******************************************************************************
   4:Src/stm32l4xx_hal_msp.c ****   * File Name          : stm32l4xx_hal_msp.c
   5:Src/stm32l4xx_hal_msp.c ****   * Description        : This file provides code for the MSP Initialization 
   6:Src/stm32l4xx_hal_msp.c ****   *                      and de-Initialization codes.
   7:Src/stm32l4xx_hal_msp.c ****   ******************************************************************************
   8:Src/stm32l4xx_hal_msp.c ****   * @attention
   9:Src/stm32l4xx_hal_msp.c ****   *
  10:Src/stm32l4xx_hal_msp.c ****   * <h2><center>&copy; Copyright (c) 2020 STMicroelectronics.
  11:Src/stm32l4xx_hal_msp.c ****   * All rights reserved.</center></h2>
  12:Src/stm32l4xx_hal_msp.c ****   *
  13:Src/stm32l4xx_hal_msp.c ****   * This software component is licensed by ST under BSD 3-Clause license,
  14:Src/stm32l4xx_hal_msp.c ****   * the "License"; You may not use this file except in compliance with the
  15:Src/stm32l4xx_hal_msp.c ****   * License. You may obtain a copy of the License at:
  16:Src/stm32l4xx_hal_msp.c ****   *                        opensource.org/licenses/BSD-3-Clause
  17:Src/stm32l4xx_hal_msp.c ****   *
  18:Src/stm32l4xx_hal_msp.c ****   ******************************************************************************
  19:Src/stm32l4xx_hal_msp.c ****   */
  20:Src/stm32l4xx_hal_msp.c **** /* USER CODE END Header */
  21:Src/stm32l4xx_hal_msp.c **** 
  22:Src/stm32l4xx_hal_msp.c **** /* Includes ------------------------------------------------------------------*/
  23:Src/stm32l4xx_hal_msp.c **** #include "main.h"
  24:Src/stm32l4xx_hal_msp.c **** /* USER CODE BEGIN Includes */
  25:Src/stm32l4xx_hal_msp.c **** 
  26:Src/stm32l4xx_hal_msp.c **** /* USER CODE END Includes */
  27:Src/stm32l4xx_hal_msp.c **** extern DMA_HandleTypeDef hdma_uart4_rx;
  28:Src/stm32l4xx_hal_msp.c **** 
  29:Src/stm32l4xx_hal_msp.c **** extern DMA_HandleTypeDef hdma_uart4_tx;
  30:Src/stm32l4xx_hal_msp.c **** 
  31:Src/stm32l4xx_hal_msp.c **** extern DMA_HandleTypeDef hdma_usart1_rx;
ARM GAS  /tmp/cck6FnqE.s 			page 2


  32:Src/stm32l4xx_hal_msp.c **** 
  33:Src/stm32l4xx_hal_msp.c **** /* Private typedef -----------------------------------------------------------*/
  34:Src/stm32l4xx_hal_msp.c **** /* USER CODE BEGIN TD */
  35:Src/stm32l4xx_hal_msp.c **** 
  36:Src/stm32l4xx_hal_msp.c **** /* USER CODE END TD */
  37:Src/stm32l4xx_hal_msp.c **** 
  38:Src/stm32l4xx_hal_msp.c **** /* Private define ------------------------------------------------------------*/
  39:Src/stm32l4xx_hal_msp.c **** /* USER CODE BEGIN Define */
  40:Src/stm32l4xx_hal_msp.c ****  
  41:Src/stm32l4xx_hal_msp.c **** /* USER CODE END Define */
  42:Src/stm32l4xx_hal_msp.c **** 
  43:Src/stm32l4xx_hal_msp.c **** /* Private macro -------------------------------------------------------------*/
  44:Src/stm32l4xx_hal_msp.c **** /* USER CODE BEGIN Macro */
  45:Src/stm32l4xx_hal_msp.c **** 
  46:Src/stm32l4xx_hal_msp.c **** /* USER CODE END Macro */
  47:Src/stm32l4xx_hal_msp.c **** 
  48:Src/stm32l4xx_hal_msp.c **** /* Private variables ---------------------------------------------------------*/
  49:Src/stm32l4xx_hal_msp.c **** /* USER CODE BEGIN PV */
  50:Src/stm32l4xx_hal_msp.c **** 
  51:Src/stm32l4xx_hal_msp.c **** /* USER CODE END PV */
  52:Src/stm32l4xx_hal_msp.c **** 
  53:Src/stm32l4xx_hal_msp.c **** /* Private function prototypes -----------------------------------------------*/
  54:Src/stm32l4xx_hal_msp.c **** /* USER CODE BEGIN PFP */
  55:Src/stm32l4xx_hal_msp.c **** 
  56:Src/stm32l4xx_hal_msp.c **** /* USER CODE END PFP */
  57:Src/stm32l4xx_hal_msp.c **** 
  58:Src/stm32l4xx_hal_msp.c **** /* External functions --------------------------------------------------------*/
  59:Src/stm32l4xx_hal_msp.c **** /* USER CODE BEGIN ExternalFunctions */
  60:Src/stm32l4xx_hal_msp.c **** 
  61:Src/stm32l4xx_hal_msp.c **** /* USER CODE END ExternalFunctions */
  62:Src/stm32l4xx_hal_msp.c **** 
  63:Src/stm32l4xx_hal_msp.c **** /* USER CODE BEGIN 0 */
  64:Src/stm32l4xx_hal_msp.c **** 
  65:Src/stm32l4xx_hal_msp.c **** /* USER CODE END 0 */
  66:Src/stm32l4xx_hal_msp.c **** /**
  67:Src/stm32l4xx_hal_msp.c ****   * Initializes the Global MSP.
  68:Src/stm32l4xx_hal_msp.c ****   */
  69:Src/stm32l4xx_hal_msp.c **** void HAL_MspInit(void)
  70:Src/stm32l4xx_hal_msp.c **** {
  28              		.loc 1 70 0
  29              		.cfi_startproc
  30              		@ args = 0, pretend = 0, frame = 8
  31              		@ frame_needed = 0, uses_anonymous_args = 0
  32              		@ link register save eliminated.
  33 0000 82B0     		sub	sp, sp, #8
  34              	.LCFI0:
  35              		.cfi_def_cfa_offset 8
  36              	.LBB2:
  71:Src/stm32l4xx_hal_msp.c ****   /* USER CODE BEGIN MspInit 0 */
  72:Src/stm32l4xx_hal_msp.c **** 
  73:Src/stm32l4xx_hal_msp.c ****   /* USER CODE END MspInit 0 */
  74:Src/stm32l4xx_hal_msp.c **** 
  75:Src/stm32l4xx_hal_msp.c ****   __HAL_RCC_SYSCFG_CLK_ENABLE();
  37              		.loc 1 75 0
  38 0002 0A4B     		ldr	r3, .L3
  39 0004 1A6E     		ldr	r2, [r3, #96]
  40 0006 42F00102 		orr	r2, r2, #1
ARM GAS  /tmp/cck6FnqE.s 			page 3


  41 000a 1A66     		str	r2, [r3, #96]
  42 000c 1A6E     		ldr	r2, [r3, #96]
  43 000e 02F00102 		and	r2, r2, #1
  44 0012 0092     		str	r2, [sp]
  45 0014 009A     		ldr	r2, [sp]
  46              	.LBE2:
  47              	.LBB3:
  76:Src/stm32l4xx_hal_msp.c ****   __HAL_RCC_PWR_CLK_ENABLE();
  48              		.loc 1 76 0
  49 0016 9A6D     		ldr	r2, [r3, #88]
  50 0018 42F08052 		orr	r2, r2, #268435456
  51 001c 9A65     		str	r2, [r3, #88]
  52 001e 9B6D     		ldr	r3, [r3, #88]
  53 0020 03F08053 		and	r3, r3, #268435456
  54 0024 0193     		str	r3, [sp, #4]
  55 0026 019B     		ldr	r3, [sp, #4]
  56              	.LBE3:
  77:Src/stm32l4xx_hal_msp.c **** 
  78:Src/stm32l4xx_hal_msp.c ****   /* System interrupt init*/
  79:Src/stm32l4xx_hal_msp.c **** 
  80:Src/stm32l4xx_hal_msp.c ****   /* USER CODE BEGIN MspInit 1 */
  81:Src/stm32l4xx_hal_msp.c **** 
  82:Src/stm32l4xx_hal_msp.c ****   /* USER CODE END MspInit 1 */
  83:Src/stm32l4xx_hal_msp.c **** }
  57              		.loc 1 83 0
  58 0028 02B0     		add	sp, sp, #8
  59              	.LCFI1:
  60              		.cfi_def_cfa_offset 0
  61              		@ sp needed
  62 002a 7047     		bx	lr
  63              	.L4:
  64              		.align	2
  65              	.L3:
  66 002c 00100240 		.word	1073876992
  67              		.cfi_endproc
  68              	.LFE130:
  70              		.section	.text.HAL_UART_MspInit,"ax",%progbits
  71              		.align	1
  72              		.global	HAL_UART_MspInit
  73              		.syntax unified
  74              		.thumb
  75              		.thumb_func
  76              		.fpu fpv4-sp-d16
  78              	HAL_UART_MspInit:
  79              	.LFB131:
  84:Src/stm32l4xx_hal_msp.c **** 
  85:Src/stm32l4xx_hal_msp.c **** /**
  86:Src/stm32l4xx_hal_msp.c **** * @brief UART MSP Initialization
  87:Src/stm32l4xx_hal_msp.c **** * This function configures the hardware resources used in this example
  88:Src/stm32l4xx_hal_msp.c **** * @param huart: UART handle pointer
  89:Src/stm32l4xx_hal_msp.c **** * @retval None
  90:Src/stm32l4xx_hal_msp.c **** */
  91:Src/stm32l4xx_hal_msp.c **** void HAL_UART_MspInit(UART_HandleTypeDef* huart)
  92:Src/stm32l4xx_hal_msp.c **** {
  80              		.loc 1 92 0
  81              		.cfi_startproc
  82              		@ args = 0, pretend = 0, frame = 48
ARM GAS  /tmp/cck6FnqE.s 			page 4


  83              		@ frame_needed = 0, uses_anonymous_args = 0
  84              	.LVL0:
  85 0000 30B5     		push	{r4, r5, lr}
  86              	.LCFI2:
  87              		.cfi_def_cfa_offset 12
  88              		.cfi_offset 4, -12
  89              		.cfi_offset 5, -8
  90              		.cfi_offset 14, -4
  91 0002 8DB0     		sub	sp, sp, #52
  92              	.LCFI3:
  93              		.cfi_def_cfa_offset 64
  94 0004 0446     		mov	r4, r0
  93:Src/stm32l4xx_hal_msp.c ****   GPIO_InitTypeDef GPIO_InitStruct = {0};
  95              		.loc 1 93 0
  96 0006 0023     		movs	r3, #0
  97 0008 0793     		str	r3, [sp, #28]
  98 000a 0893     		str	r3, [sp, #32]
  99 000c 0993     		str	r3, [sp, #36]
 100 000e 0A93     		str	r3, [sp, #40]
 101 0010 0B93     		str	r3, [sp, #44]
  94:Src/stm32l4xx_hal_msp.c ****   if(huart->Instance==UART4)
 102              		.loc 1 94 0
 103 0012 0368     		ldr	r3, [r0]
 104 0014 634A     		ldr	r2, .L19
 105 0016 9342     		cmp	r3, r2
 106 0018 08D0     		beq	.L13
  95:Src/stm32l4xx_hal_msp.c ****   {
  96:Src/stm32l4xx_hal_msp.c ****   /* USER CODE BEGIN UART4_MspInit 0 */
  97:Src/stm32l4xx_hal_msp.c **** 
  98:Src/stm32l4xx_hal_msp.c ****   /* USER CODE END UART4_MspInit 0 */
  99:Src/stm32l4xx_hal_msp.c ****     /* Peripheral clock enable */
 100:Src/stm32l4xx_hal_msp.c ****     __HAL_RCC_UART4_CLK_ENABLE();
 101:Src/stm32l4xx_hal_msp.c ****   
 102:Src/stm32l4xx_hal_msp.c ****     __HAL_RCC_GPIOA_CLK_ENABLE();
 103:Src/stm32l4xx_hal_msp.c ****     /**UART4 GPIO Configuration    
 104:Src/stm32l4xx_hal_msp.c ****     PA0     ------> UART4_TX
 105:Src/stm32l4xx_hal_msp.c ****     PA1     ------> UART4_RX 
 106:Src/stm32l4xx_hal_msp.c ****     */
 107:Src/stm32l4xx_hal_msp.c ****     GPIO_InitStruct.Pin = GPIO_PIN_0|GPIO_PIN_1;
 108:Src/stm32l4xx_hal_msp.c ****     GPIO_InitStruct.Mode = GPIO_MODE_AF_PP;
 109:Src/stm32l4xx_hal_msp.c ****     GPIO_InitStruct.Pull = GPIO_NOPULL;
 110:Src/stm32l4xx_hal_msp.c ****     GPIO_InitStruct.Speed = GPIO_SPEED_FREQ_VERY_HIGH;
 111:Src/stm32l4xx_hal_msp.c ****     GPIO_InitStruct.Alternate = GPIO_AF8_UART4;
 112:Src/stm32l4xx_hal_msp.c ****     HAL_GPIO_Init(GPIOA, &GPIO_InitStruct);
 113:Src/stm32l4xx_hal_msp.c **** 
 114:Src/stm32l4xx_hal_msp.c ****     /* UART4 DMA Init */
 115:Src/stm32l4xx_hal_msp.c ****     /* UART4_RX Init */
 116:Src/stm32l4xx_hal_msp.c ****     hdma_uart4_rx.Instance = DMA2_Channel5;
 117:Src/stm32l4xx_hal_msp.c ****     hdma_uart4_rx.Init.Request = DMA_REQUEST_2;
 118:Src/stm32l4xx_hal_msp.c ****     hdma_uart4_rx.Init.Direction = DMA_PERIPH_TO_MEMORY;
 119:Src/stm32l4xx_hal_msp.c ****     hdma_uart4_rx.Init.PeriphInc = DMA_PINC_DISABLE;
 120:Src/stm32l4xx_hal_msp.c ****     hdma_uart4_rx.Init.MemInc = DMA_MINC_ENABLE;
 121:Src/stm32l4xx_hal_msp.c ****     hdma_uart4_rx.Init.PeriphDataAlignment = DMA_PDATAALIGN_BYTE;
 122:Src/stm32l4xx_hal_msp.c ****     hdma_uart4_rx.Init.MemDataAlignment = DMA_MDATAALIGN_BYTE;
 123:Src/stm32l4xx_hal_msp.c ****     hdma_uart4_rx.Init.Mode = DMA_CIRCULAR;
 124:Src/stm32l4xx_hal_msp.c ****     hdma_uart4_rx.Init.Priority = DMA_PRIORITY_HIGH;
 125:Src/stm32l4xx_hal_msp.c ****     if (HAL_DMA_Init(&hdma_uart4_rx) != HAL_OK)
ARM GAS  /tmp/cck6FnqE.s 			page 5


 126:Src/stm32l4xx_hal_msp.c ****     {
 127:Src/stm32l4xx_hal_msp.c ****       Error_Handler();
 128:Src/stm32l4xx_hal_msp.c ****     }
 129:Src/stm32l4xx_hal_msp.c **** 
 130:Src/stm32l4xx_hal_msp.c ****     __HAL_LINKDMA(huart,hdmarx,hdma_uart4_rx);
 131:Src/stm32l4xx_hal_msp.c **** 
 132:Src/stm32l4xx_hal_msp.c ****     /* UART4_TX Init */
 133:Src/stm32l4xx_hal_msp.c ****     hdma_uart4_tx.Instance = DMA2_Channel3;
 134:Src/stm32l4xx_hal_msp.c ****     hdma_uart4_tx.Init.Request = DMA_REQUEST_2;
 135:Src/stm32l4xx_hal_msp.c ****     hdma_uart4_tx.Init.Direction = DMA_MEMORY_TO_PERIPH;
 136:Src/stm32l4xx_hal_msp.c ****     hdma_uart4_tx.Init.PeriphInc = DMA_PINC_DISABLE;
 137:Src/stm32l4xx_hal_msp.c ****     hdma_uart4_tx.Init.MemInc = DMA_MINC_ENABLE;
 138:Src/stm32l4xx_hal_msp.c ****     hdma_uart4_tx.Init.PeriphDataAlignment = DMA_PDATAALIGN_BYTE;
 139:Src/stm32l4xx_hal_msp.c ****     hdma_uart4_tx.Init.MemDataAlignment = DMA_MDATAALIGN_BYTE;
 140:Src/stm32l4xx_hal_msp.c ****     hdma_uart4_tx.Init.Mode = DMA_CIRCULAR;
 141:Src/stm32l4xx_hal_msp.c ****     hdma_uart4_tx.Init.Priority = DMA_PRIORITY_LOW;
 142:Src/stm32l4xx_hal_msp.c ****     if (HAL_DMA_Init(&hdma_uart4_tx) != HAL_OK)
 143:Src/stm32l4xx_hal_msp.c ****     {
 144:Src/stm32l4xx_hal_msp.c ****       Error_Handler();
 145:Src/stm32l4xx_hal_msp.c ****     }
 146:Src/stm32l4xx_hal_msp.c **** 
 147:Src/stm32l4xx_hal_msp.c ****     __HAL_LINKDMA(huart,hdmatx,hdma_uart4_tx);
 148:Src/stm32l4xx_hal_msp.c **** 
 149:Src/stm32l4xx_hal_msp.c ****     /* UART4 interrupt Init */
 150:Src/stm32l4xx_hal_msp.c ****     HAL_NVIC_SetPriority(UART4_IRQn, 0, 0);
 151:Src/stm32l4xx_hal_msp.c ****     HAL_NVIC_EnableIRQ(UART4_IRQn);
 152:Src/stm32l4xx_hal_msp.c ****   /* USER CODE BEGIN UART4_MspInit 1 */
 153:Src/stm32l4xx_hal_msp.c **** 
 154:Src/stm32l4xx_hal_msp.c ****   /* USER CODE END UART4_MspInit 1 */
 155:Src/stm32l4xx_hal_msp.c ****   }
 156:Src/stm32l4xx_hal_msp.c ****   else if(huart->Instance==USART1)
 107              		.loc 1 156 0
 108 001a 634A     		ldr	r2, .L19+4
 109 001c 9342     		cmp	r3, r2
 110 001e 5FD0     		beq	.L14
 157:Src/stm32l4xx_hal_msp.c ****   {
 158:Src/stm32l4xx_hal_msp.c ****   /* USER CODE BEGIN USART1_MspInit 0 */
 159:Src/stm32l4xx_hal_msp.c **** 
 160:Src/stm32l4xx_hal_msp.c ****   /* USER CODE END USART1_MspInit 0 */
 161:Src/stm32l4xx_hal_msp.c ****     /* Peripheral clock enable */
 162:Src/stm32l4xx_hal_msp.c ****     __HAL_RCC_USART1_CLK_ENABLE();
 163:Src/stm32l4xx_hal_msp.c ****   
 164:Src/stm32l4xx_hal_msp.c ****     __HAL_RCC_GPIOA_CLK_ENABLE();
 165:Src/stm32l4xx_hal_msp.c ****     /**USART1 GPIO Configuration    
 166:Src/stm32l4xx_hal_msp.c ****     PA9     ------> USART1_TX
 167:Src/stm32l4xx_hal_msp.c ****     PA10     ------> USART1_RX 
 168:Src/stm32l4xx_hal_msp.c ****     */
 169:Src/stm32l4xx_hal_msp.c ****     GPIO_InitStruct.Pin = GPIO_PIN_9|GPIO_PIN_10;
 170:Src/stm32l4xx_hal_msp.c ****     GPIO_InitStruct.Mode = GPIO_MODE_AF_PP;
 171:Src/stm32l4xx_hal_msp.c ****     GPIO_InitStruct.Pull = GPIO_NOPULL;
 172:Src/stm32l4xx_hal_msp.c ****     GPIO_InitStruct.Speed = GPIO_SPEED_FREQ_VERY_HIGH;
 173:Src/stm32l4xx_hal_msp.c ****     GPIO_InitStruct.Alternate = GPIO_AF7_USART1;
 174:Src/stm32l4xx_hal_msp.c ****     HAL_GPIO_Init(GPIOA, &GPIO_InitStruct);
 175:Src/stm32l4xx_hal_msp.c **** 
 176:Src/stm32l4xx_hal_msp.c ****     /* USART1 DMA Init */
 177:Src/stm32l4xx_hal_msp.c ****     /* USART1_RX Init */
 178:Src/stm32l4xx_hal_msp.c ****     hdma_usart1_rx.Instance = DMA1_Channel5;
ARM GAS  /tmp/cck6FnqE.s 			page 6


 179:Src/stm32l4xx_hal_msp.c ****     hdma_usart1_rx.Init.Request = DMA_REQUEST_2;
 180:Src/stm32l4xx_hal_msp.c ****     hdma_usart1_rx.Init.Direction = DMA_PERIPH_TO_MEMORY;
 181:Src/stm32l4xx_hal_msp.c ****     hdma_usart1_rx.Init.PeriphInc = DMA_PINC_DISABLE;
 182:Src/stm32l4xx_hal_msp.c ****     hdma_usart1_rx.Init.MemInc = DMA_MINC_ENABLE;
 183:Src/stm32l4xx_hal_msp.c ****     hdma_usart1_rx.Init.PeriphDataAlignment = DMA_PDATAALIGN_BYTE;
 184:Src/stm32l4xx_hal_msp.c ****     hdma_usart1_rx.Init.MemDataAlignment = DMA_MDATAALIGN_BYTE;
 185:Src/stm32l4xx_hal_msp.c ****     hdma_usart1_rx.Init.Mode = DMA_CIRCULAR;
 186:Src/stm32l4xx_hal_msp.c ****     hdma_usart1_rx.Init.Priority = DMA_PRIORITY_LOW;
 187:Src/stm32l4xx_hal_msp.c ****     if (HAL_DMA_Init(&hdma_usart1_rx) != HAL_OK)
 188:Src/stm32l4xx_hal_msp.c ****     {
 189:Src/stm32l4xx_hal_msp.c ****       Error_Handler();
 190:Src/stm32l4xx_hal_msp.c ****     }
 191:Src/stm32l4xx_hal_msp.c **** 
 192:Src/stm32l4xx_hal_msp.c ****     __HAL_LINKDMA(huart,hdmarx,hdma_usart1_rx);
 193:Src/stm32l4xx_hal_msp.c **** 
 194:Src/stm32l4xx_hal_msp.c ****     /* USART1 interrupt Init */
 195:Src/stm32l4xx_hal_msp.c ****     HAL_NVIC_SetPriority(USART1_IRQn, 0, 0);
 196:Src/stm32l4xx_hal_msp.c ****     HAL_NVIC_EnableIRQ(USART1_IRQn);
 197:Src/stm32l4xx_hal_msp.c ****   /* USER CODE BEGIN USART1_MspInit 1 */
 198:Src/stm32l4xx_hal_msp.c **** 
 199:Src/stm32l4xx_hal_msp.c ****   /* USER CODE END USART1_MspInit 1 */
 200:Src/stm32l4xx_hal_msp.c ****   }
 201:Src/stm32l4xx_hal_msp.c ****   else if(huart->Instance==USART2)
 111              		.loc 1 201 0
 112 0020 624A     		ldr	r2, .L19+8
 113 0022 9342     		cmp	r3, r2
 114 0024 00F09D80 		beq	.L15
 115              	.LVL1:
 116              	.L5:
 202:Src/stm32l4xx_hal_msp.c ****   {
 203:Src/stm32l4xx_hal_msp.c ****   /* USER CODE BEGIN USART2_MspInit 0 */
 204:Src/stm32l4xx_hal_msp.c **** 
 205:Src/stm32l4xx_hal_msp.c ****   /* USER CODE END USART2_MspInit 0 */
 206:Src/stm32l4xx_hal_msp.c ****     /* Peripheral clock enable */
 207:Src/stm32l4xx_hal_msp.c ****     __HAL_RCC_USART2_CLK_ENABLE();
 208:Src/stm32l4xx_hal_msp.c ****   
 209:Src/stm32l4xx_hal_msp.c ****     __HAL_RCC_GPIOA_CLK_ENABLE();
 210:Src/stm32l4xx_hal_msp.c ****     /**USART2 GPIO Configuration    
 211:Src/stm32l4xx_hal_msp.c ****     PA2     ------> USART2_TX
 212:Src/stm32l4xx_hal_msp.c ****     PA3     ------> USART2_RX 
 213:Src/stm32l4xx_hal_msp.c ****     */
 214:Src/stm32l4xx_hal_msp.c ****     GPIO_InitStruct.Pin = USART_TX_Pin|USART_RX_Pin;
 215:Src/stm32l4xx_hal_msp.c ****     GPIO_InitStruct.Mode = GPIO_MODE_AF_PP;
 216:Src/stm32l4xx_hal_msp.c ****     GPIO_InitStruct.Pull = GPIO_NOPULL;
 217:Src/stm32l4xx_hal_msp.c ****     GPIO_InitStruct.Speed = GPIO_SPEED_FREQ_VERY_HIGH;
 218:Src/stm32l4xx_hal_msp.c ****     GPIO_InitStruct.Alternate = GPIO_AF7_USART2;
 219:Src/stm32l4xx_hal_msp.c ****     HAL_GPIO_Init(GPIOA, &GPIO_InitStruct);
 220:Src/stm32l4xx_hal_msp.c **** 
 221:Src/stm32l4xx_hal_msp.c ****   /* USER CODE BEGIN USART2_MspInit 1 */
 222:Src/stm32l4xx_hal_msp.c **** 
 223:Src/stm32l4xx_hal_msp.c ****   /* USER CODE END USART2_MspInit 1 */
 224:Src/stm32l4xx_hal_msp.c ****   }
 225:Src/stm32l4xx_hal_msp.c **** 
 226:Src/stm32l4xx_hal_msp.c **** }
 117              		.loc 1 226 0
 118 0028 0DB0     		add	sp, sp, #52
 119              	.LCFI4:
ARM GAS  /tmp/cck6FnqE.s 			page 7


 120              		.cfi_remember_state
 121              		.cfi_def_cfa_offset 12
 122              		@ sp needed
 123 002a 30BD     		pop	{r4, r5, pc}
 124              	.LVL2:
 125              	.L13:
 126              	.LCFI5:
 127              		.cfi_restore_state
 128              	.LBB4:
 100:Src/stm32l4xx_hal_msp.c ****   
 129              		.loc 1 100 0
 130 002c 604B     		ldr	r3, .L19+12
 131 002e 9A6D     		ldr	r2, [r3, #88]
 132 0030 42F40022 		orr	r2, r2, #524288
 133 0034 9A65     		str	r2, [r3, #88]
 134 0036 9A6D     		ldr	r2, [r3, #88]
 135 0038 02F40022 		and	r2, r2, #524288
 136 003c 0192     		str	r2, [sp, #4]
 137 003e 019A     		ldr	r2, [sp, #4]
 138              	.LBE4:
 139              	.LBB5:
 102:Src/stm32l4xx_hal_msp.c ****     /**UART4 GPIO Configuration    
 140              		.loc 1 102 0
 141 0040 DA6C     		ldr	r2, [r3, #76]
 142 0042 42F00102 		orr	r2, r2, #1
 143 0046 DA64     		str	r2, [r3, #76]
 144 0048 DB6C     		ldr	r3, [r3, #76]
 145 004a 03F00103 		and	r3, r3, #1
 146 004e 0293     		str	r3, [sp, #8]
 147 0050 029B     		ldr	r3, [sp, #8]
 148              	.LBE5:
 107:Src/stm32l4xx_hal_msp.c ****     GPIO_InitStruct.Mode = GPIO_MODE_AF_PP;
 149              		.loc 1 107 0
 150 0052 0323     		movs	r3, #3
 151 0054 0793     		str	r3, [sp, #28]
 108:Src/stm32l4xx_hal_msp.c ****     GPIO_InitStruct.Pull = GPIO_NOPULL;
 152              		.loc 1 108 0
 153 0056 0225     		movs	r5, #2
 154 0058 0895     		str	r5, [sp, #32]
 110:Src/stm32l4xx_hal_msp.c ****     GPIO_InitStruct.Alternate = GPIO_AF8_UART4;
 155              		.loc 1 110 0
 156 005a 0A93     		str	r3, [sp, #40]
 111:Src/stm32l4xx_hal_msp.c ****     HAL_GPIO_Init(GPIOA, &GPIO_InitStruct);
 157              		.loc 1 111 0
 158 005c 0823     		movs	r3, #8
 159 005e 0B93     		str	r3, [sp, #44]
 112:Src/stm32l4xx_hal_msp.c **** 
 160              		.loc 1 112 0
 161 0060 07A9     		add	r1, sp, #28
 162 0062 4FF09040 		mov	r0, #1207959552
 163              	.LVL3:
 164 0066 FFF7FEFF 		bl	HAL_GPIO_Init
 165              	.LVL4:
 116:Src/stm32l4xx_hal_msp.c ****     hdma_uart4_rx.Init.Request = DMA_REQUEST_2;
 166              		.loc 1 116 0
 167 006a 5248     		ldr	r0, .L19+16
 168 006c 524B     		ldr	r3, .L19+20
ARM GAS  /tmp/cck6FnqE.s 			page 8


 169 006e 0360     		str	r3, [r0]
 117:Src/stm32l4xx_hal_msp.c ****     hdma_uart4_rx.Init.Direction = DMA_PERIPH_TO_MEMORY;
 170              		.loc 1 117 0
 171 0070 4560     		str	r5, [r0, #4]
 118:Src/stm32l4xx_hal_msp.c ****     hdma_uart4_rx.Init.PeriphInc = DMA_PINC_DISABLE;
 172              		.loc 1 118 0
 173 0072 0023     		movs	r3, #0
 174 0074 8360     		str	r3, [r0, #8]
 119:Src/stm32l4xx_hal_msp.c ****     hdma_uart4_rx.Init.MemInc = DMA_MINC_ENABLE;
 175              		.loc 1 119 0
 176 0076 C360     		str	r3, [r0, #12]
 120:Src/stm32l4xx_hal_msp.c ****     hdma_uart4_rx.Init.PeriphDataAlignment = DMA_PDATAALIGN_BYTE;
 177              		.loc 1 120 0
 178 0078 8022     		movs	r2, #128
 179 007a 0261     		str	r2, [r0, #16]
 121:Src/stm32l4xx_hal_msp.c ****     hdma_uart4_rx.Init.MemDataAlignment = DMA_MDATAALIGN_BYTE;
 180              		.loc 1 121 0
 181 007c 4361     		str	r3, [r0, #20]
 122:Src/stm32l4xx_hal_msp.c ****     hdma_uart4_rx.Init.Mode = DMA_CIRCULAR;
 182              		.loc 1 122 0
 183 007e 8361     		str	r3, [r0, #24]
 123:Src/stm32l4xx_hal_msp.c ****     hdma_uart4_rx.Init.Priority = DMA_PRIORITY_HIGH;
 184              		.loc 1 123 0
 185 0080 2023     		movs	r3, #32
 186 0082 C361     		str	r3, [r0, #28]
 124:Src/stm32l4xx_hal_msp.c ****     if (HAL_DMA_Init(&hdma_uart4_rx) != HAL_OK)
 187              		.loc 1 124 0
 188 0084 4FF40053 		mov	r3, #8192
 189 0088 0362     		str	r3, [r0, #32]
 125:Src/stm32l4xx_hal_msp.c ****     {
 190              		.loc 1 125 0
 191 008a FFF7FEFF 		bl	HAL_DMA_Init
 192              	.LVL5:
 193 008e 08BB     		cbnz	r0, .L16
 194              	.L7:
 130:Src/stm32l4xx_hal_msp.c **** 
 195              		.loc 1 130 0
 196 0090 484B     		ldr	r3, .L19+16
 197 0092 E366     		str	r3, [r4, #108]
 198 0094 9C62     		str	r4, [r3, #40]
 133:Src/stm32l4xx_hal_msp.c ****     hdma_uart4_tx.Init.Request = DMA_REQUEST_2;
 199              		.loc 1 133 0
 200 0096 4948     		ldr	r0, .L19+24
 201 0098 494B     		ldr	r3, .L19+28
 202 009a 0360     		str	r3, [r0]
 134:Src/stm32l4xx_hal_msp.c ****     hdma_uart4_tx.Init.Direction = DMA_MEMORY_TO_PERIPH;
 203              		.loc 1 134 0
 204 009c 0223     		movs	r3, #2
 205 009e 4360     		str	r3, [r0, #4]
 135:Src/stm32l4xx_hal_msp.c ****     hdma_uart4_tx.Init.PeriphInc = DMA_PINC_DISABLE;
 206              		.loc 1 135 0
 207 00a0 1023     		movs	r3, #16
 208 00a2 8360     		str	r3, [r0, #8]
 136:Src/stm32l4xx_hal_msp.c ****     hdma_uart4_tx.Init.MemInc = DMA_MINC_ENABLE;
 209              		.loc 1 136 0
 210 00a4 0023     		movs	r3, #0
 211 00a6 C360     		str	r3, [r0, #12]
ARM GAS  /tmp/cck6FnqE.s 			page 9


 137:Src/stm32l4xx_hal_msp.c ****     hdma_uart4_tx.Init.PeriphDataAlignment = DMA_PDATAALIGN_BYTE;
 212              		.loc 1 137 0
 213 00a8 8022     		movs	r2, #128
 214 00aa 0261     		str	r2, [r0, #16]
 138:Src/stm32l4xx_hal_msp.c ****     hdma_uart4_tx.Init.MemDataAlignment = DMA_MDATAALIGN_BYTE;
 215              		.loc 1 138 0
 216 00ac 4361     		str	r3, [r0, #20]
 139:Src/stm32l4xx_hal_msp.c ****     hdma_uart4_tx.Init.Mode = DMA_CIRCULAR;
 217              		.loc 1 139 0
 218 00ae 8361     		str	r3, [r0, #24]
 140:Src/stm32l4xx_hal_msp.c ****     hdma_uart4_tx.Init.Priority = DMA_PRIORITY_LOW;
 219              		.loc 1 140 0
 220 00b0 2022     		movs	r2, #32
 221 00b2 C261     		str	r2, [r0, #28]
 141:Src/stm32l4xx_hal_msp.c ****     if (HAL_DMA_Init(&hdma_uart4_tx) != HAL_OK)
 222              		.loc 1 141 0
 223 00b4 0362     		str	r3, [r0, #32]
 142:Src/stm32l4xx_hal_msp.c ****     {
 224              		.loc 1 142 0
 225 00b6 FFF7FEFF 		bl	HAL_DMA_Init
 226              	.LVL6:
 227 00ba 70B9     		cbnz	r0, .L17
 228              	.L8:
 147:Src/stm32l4xx_hal_msp.c **** 
 229              		.loc 1 147 0
 230 00bc 3F4B     		ldr	r3, .L19+24
 231 00be A366     		str	r3, [r4, #104]
 232 00c0 9C62     		str	r4, [r3, #40]
 150:Src/stm32l4xx_hal_msp.c ****     HAL_NVIC_EnableIRQ(UART4_IRQn);
 233              		.loc 1 150 0
 234 00c2 0022     		movs	r2, #0
 235 00c4 1146     		mov	r1, r2
 236 00c6 3420     		movs	r0, #52
 237 00c8 FFF7FEFF 		bl	HAL_NVIC_SetPriority
 238              	.LVL7:
 151:Src/stm32l4xx_hal_msp.c ****   /* USER CODE BEGIN UART4_MspInit 1 */
 239              		.loc 1 151 0
 240 00cc 3420     		movs	r0, #52
 241 00ce FFF7FEFF 		bl	HAL_NVIC_EnableIRQ
 242              	.LVL8:
 243 00d2 A9E7     		b	.L5
 244              	.L16:
 127:Src/stm32l4xx_hal_msp.c ****     }
 245              		.loc 1 127 0
 246 00d4 FFF7FEFF 		bl	Error_Handler
 247              	.LVL9:
 248 00d8 DAE7     		b	.L7
 249              	.L17:
 144:Src/stm32l4xx_hal_msp.c ****     }
 250              		.loc 1 144 0
 251 00da FFF7FEFF 		bl	Error_Handler
 252              	.LVL10:
 253 00de EDE7     		b	.L8
 254              	.LVL11:
 255              	.L14:
 256              	.LBB6:
 162:Src/stm32l4xx_hal_msp.c ****   
ARM GAS  /tmp/cck6FnqE.s 			page 10


 257              		.loc 1 162 0
 258 00e0 334B     		ldr	r3, .L19+12
 259 00e2 1A6E     		ldr	r2, [r3, #96]
 260 00e4 42F48042 		orr	r2, r2, #16384
 261 00e8 1A66     		str	r2, [r3, #96]
 262 00ea 1A6E     		ldr	r2, [r3, #96]
 263 00ec 02F48042 		and	r2, r2, #16384
 264 00f0 0392     		str	r2, [sp, #12]
 265 00f2 039A     		ldr	r2, [sp, #12]
 266              	.LBE6:
 267              	.LBB7:
 164:Src/stm32l4xx_hal_msp.c ****     /**USART1 GPIO Configuration    
 268              		.loc 1 164 0
 269 00f4 DA6C     		ldr	r2, [r3, #76]
 270 00f6 42F00102 		orr	r2, r2, #1
 271 00fa DA64     		str	r2, [r3, #76]
 272 00fc DB6C     		ldr	r3, [r3, #76]
 273 00fe 03F00103 		and	r3, r3, #1
 274 0102 0493     		str	r3, [sp, #16]
 275 0104 049B     		ldr	r3, [sp, #16]
 276              	.LBE7:
 169:Src/stm32l4xx_hal_msp.c ****     GPIO_InitStruct.Mode = GPIO_MODE_AF_PP;
 277              		.loc 1 169 0
 278 0106 4FF4C063 		mov	r3, #1536
 279 010a 0793     		str	r3, [sp, #28]
 170:Src/stm32l4xx_hal_msp.c ****     GPIO_InitStruct.Pull = GPIO_NOPULL;
 280              		.loc 1 170 0
 281 010c 0225     		movs	r5, #2
 282 010e 0895     		str	r5, [sp, #32]
 172:Src/stm32l4xx_hal_msp.c ****     GPIO_InitStruct.Alternate = GPIO_AF7_USART1;
 283              		.loc 1 172 0
 284 0110 0323     		movs	r3, #3
 285 0112 0A93     		str	r3, [sp, #40]
 173:Src/stm32l4xx_hal_msp.c ****     HAL_GPIO_Init(GPIOA, &GPIO_InitStruct);
 286              		.loc 1 173 0
 287 0114 0723     		movs	r3, #7
 288 0116 0B93     		str	r3, [sp, #44]
 174:Src/stm32l4xx_hal_msp.c **** 
 289              		.loc 1 174 0
 290 0118 07A9     		add	r1, sp, #28
 291 011a 4FF09040 		mov	r0, #1207959552
 292              	.LVL12:
 293 011e FFF7FEFF 		bl	HAL_GPIO_Init
 294              	.LVL13:
 178:Src/stm32l4xx_hal_msp.c ****     hdma_usart1_rx.Init.Request = DMA_REQUEST_2;
 295              		.loc 1 178 0
 296 0122 2848     		ldr	r0, .L19+32
 297 0124 284B     		ldr	r3, .L19+36
 298 0126 0360     		str	r3, [r0]
 179:Src/stm32l4xx_hal_msp.c ****     hdma_usart1_rx.Init.Direction = DMA_PERIPH_TO_MEMORY;
 299              		.loc 1 179 0
 300 0128 4560     		str	r5, [r0, #4]
 180:Src/stm32l4xx_hal_msp.c ****     hdma_usart1_rx.Init.PeriphInc = DMA_PINC_DISABLE;
 301              		.loc 1 180 0
 302 012a 0023     		movs	r3, #0
 303 012c 8360     		str	r3, [r0, #8]
 181:Src/stm32l4xx_hal_msp.c ****     hdma_usart1_rx.Init.MemInc = DMA_MINC_ENABLE;
ARM GAS  /tmp/cck6FnqE.s 			page 11


 304              		.loc 1 181 0
 305 012e C360     		str	r3, [r0, #12]
 182:Src/stm32l4xx_hal_msp.c ****     hdma_usart1_rx.Init.PeriphDataAlignment = DMA_PDATAALIGN_BYTE;
 306              		.loc 1 182 0
 307 0130 8022     		movs	r2, #128
 308 0132 0261     		str	r2, [r0, #16]
 183:Src/stm32l4xx_hal_msp.c ****     hdma_usart1_rx.Init.MemDataAlignment = DMA_MDATAALIGN_BYTE;
 309              		.loc 1 183 0
 310 0134 4361     		str	r3, [r0, #20]
 184:Src/stm32l4xx_hal_msp.c ****     hdma_usart1_rx.Init.Mode = DMA_CIRCULAR;
 311              		.loc 1 184 0
 312 0136 8361     		str	r3, [r0, #24]
 185:Src/stm32l4xx_hal_msp.c ****     hdma_usart1_rx.Init.Priority = DMA_PRIORITY_LOW;
 313              		.loc 1 185 0
 314 0138 2022     		movs	r2, #32
 315 013a C261     		str	r2, [r0, #28]
 186:Src/stm32l4xx_hal_msp.c ****     if (HAL_DMA_Init(&hdma_usart1_rx) != HAL_OK)
 316              		.loc 1 186 0
 317 013c 0362     		str	r3, [r0, #32]
 187:Src/stm32l4xx_hal_msp.c ****     {
 318              		.loc 1 187 0
 319 013e FFF7FEFF 		bl	HAL_DMA_Init
 320              	.LVL14:
 321 0142 58B9     		cbnz	r0, .L18
 322              	.L11:
 192:Src/stm32l4xx_hal_msp.c **** 
 323              		.loc 1 192 0
 324 0144 1F4B     		ldr	r3, .L19+32
 325 0146 E366     		str	r3, [r4, #108]
 326 0148 9C62     		str	r4, [r3, #40]
 195:Src/stm32l4xx_hal_msp.c ****     HAL_NVIC_EnableIRQ(USART1_IRQn);
 327              		.loc 1 195 0
 328 014a 0022     		movs	r2, #0
 329 014c 1146     		mov	r1, r2
 330 014e 2520     		movs	r0, #37
 331 0150 FFF7FEFF 		bl	HAL_NVIC_SetPriority
 332              	.LVL15:
 196:Src/stm32l4xx_hal_msp.c ****   /* USER CODE BEGIN USART1_MspInit 1 */
 333              		.loc 1 196 0
 334 0154 2520     		movs	r0, #37
 335 0156 FFF7FEFF 		bl	HAL_NVIC_EnableIRQ
 336              	.LVL16:
 337 015a 65E7     		b	.L5
 338              	.L18:
 189:Src/stm32l4xx_hal_msp.c ****     }
 339              		.loc 1 189 0
 340 015c FFF7FEFF 		bl	Error_Handler
 341              	.LVL17:
 342 0160 F0E7     		b	.L11
 343              	.LVL18:
 344              	.L15:
 345              	.LBB8:
 207:Src/stm32l4xx_hal_msp.c ****   
 346              		.loc 1 207 0
 347 0162 134B     		ldr	r3, .L19+12
 348 0164 9A6D     		ldr	r2, [r3, #88]
 349 0166 42F40032 		orr	r2, r2, #131072
ARM GAS  /tmp/cck6FnqE.s 			page 12


 350 016a 9A65     		str	r2, [r3, #88]
 351 016c 9A6D     		ldr	r2, [r3, #88]
 352 016e 02F40032 		and	r2, r2, #131072
 353 0172 0592     		str	r2, [sp, #20]
 354 0174 059A     		ldr	r2, [sp, #20]
 355              	.LBE8:
 356              	.LBB9:
 209:Src/stm32l4xx_hal_msp.c ****     /**USART2 GPIO Configuration    
 357              		.loc 1 209 0
 358 0176 DA6C     		ldr	r2, [r3, #76]
 359 0178 42F00102 		orr	r2, r2, #1
 360 017c DA64     		str	r2, [r3, #76]
 361 017e DB6C     		ldr	r3, [r3, #76]
 362 0180 03F00103 		and	r3, r3, #1
 363 0184 0693     		str	r3, [sp, #24]
 364 0186 069B     		ldr	r3, [sp, #24]
 365              	.LBE9:
 214:Src/stm32l4xx_hal_msp.c ****     GPIO_InitStruct.Mode = GPIO_MODE_AF_PP;
 366              		.loc 1 214 0
 367 0188 0C23     		movs	r3, #12
 368 018a 0793     		str	r3, [sp, #28]
 215:Src/stm32l4xx_hal_msp.c ****     GPIO_InitStruct.Pull = GPIO_NOPULL;
 369              		.loc 1 215 0
 370 018c 0223     		movs	r3, #2
 371 018e 0893     		str	r3, [sp, #32]
 217:Src/stm32l4xx_hal_msp.c ****     GPIO_InitStruct.Alternate = GPIO_AF7_USART2;
 372              		.loc 1 217 0
 373 0190 0323     		movs	r3, #3
 374 0192 0A93     		str	r3, [sp, #40]
 218:Src/stm32l4xx_hal_msp.c ****     HAL_GPIO_Init(GPIOA, &GPIO_InitStruct);
 375              		.loc 1 218 0
 376 0194 0723     		movs	r3, #7
 377 0196 0B93     		str	r3, [sp, #44]
 219:Src/stm32l4xx_hal_msp.c **** 
 378              		.loc 1 219 0
 379 0198 07A9     		add	r1, sp, #28
 380 019a 4FF09040 		mov	r0, #1207959552
 381              	.LVL19:
 382 019e FFF7FEFF 		bl	HAL_GPIO_Init
 383              	.LVL20:
 384              		.loc 1 226 0
 385 01a2 41E7     		b	.L5
 386              	.L20:
 387              		.align	2
 388              	.L19:
 389 01a4 004C0040 		.word	1073761280
 390 01a8 00380140 		.word	1073821696
 391 01ac 00440040 		.word	1073759232
 392 01b0 00100240 		.word	1073876992
 393 01b4 00000000 		.word	hdma_uart4_rx
 394 01b8 58040240 		.word	1073874008
 395 01bc 00000000 		.word	hdma_uart4_tx
 396 01c0 30040240 		.word	1073873968
 397 01c4 00000000 		.word	hdma_usart1_rx
 398 01c8 58000240 		.word	1073872984
 399              		.cfi_endproc
 400              	.LFE131:
ARM GAS  /tmp/cck6FnqE.s 			page 13


 402              		.section	.text.HAL_UART_MspDeInit,"ax",%progbits
 403              		.align	1
 404              		.global	HAL_UART_MspDeInit
 405              		.syntax unified
 406              		.thumb
 407              		.thumb_func
 408              		.fpu fpv4-sp-d16
 410              	HAL_UART_MspDeInit:
 411              	.LFB132:
 227:Src/stm32l4xx_hal_msp.c **** 
 228:Src/stm32l4xx_hal_msp.c **** /**
 229:Src/stm32l4xx_hal_msp.c **** * @brief UART MSP De-Initialization
 230:Src/stm32l4xx_hal_msp.c **** * This function freeze the hardware resources used in this example
 231:Src/stm32l4xx_hal_msp.c **** * @param huart: UART handle pointer
 232:Src/stm32l4xx_hal_msp.c **** * @retval None
 233:Src/stm32l4xx_hal_msp.c **** */
 234:Src/stm32l4xx_hal_msp.c **** void HAL_UART_MspDeInit(UART_HandleTypeDef* huart)
 235:Src/stm32l4xx_hal_msp.c **** {
 412              		.loc 1 235 0
 413              		.cfi_startproc
 414              		@ args = 0, pretend = 0, frame = 0
 415              		@ frame_needed = 0, uses_anonymous_args = 0
 416              	.LVL21:
 417 0000 10B5     		push	{r4, lr}
 418              	.LCFI6:
 419              		.cfi_def_cfa_offset 8
 420              		.cfi_offset 4, -8
 421              		.cfi_offset 14, -4
 422 0002 0446     		mov	r4, r0
 236:Src/stm32l4xx_hal_msp.c ****   if(huart->Instance==UART4)
 423              		.loc 1 236 0
 424 0004 0368     		ldr	r3, [r0]
 425 0006 1F4A     		ldr	r2, .L29
 426 0008 9342     		cmp	r3, r2
 427 000a 06D0     		beq	.L26
 237:Src/stm32l4xx_hal_msp.c ****   {
 238:Src/stm32l4xx_hal_msp.c ****   /* USER CODE BEGIN UART4_MspDeInit 0 */
 239:Src/stm32l4xx_hal_msp.c **** 
 240:Src/stm32l4xx_hal_msp.c ****   /* USER CODE END UART4_MspDeInit 0 */
 241:Src/stm32l4xx_hal_msp.c ****     /* Peripheral clock disable */
 242:Src/stm32l4xx_hal_msp.c ****     __HAL_RCC_UART4_CLK_DISABLE();
 243:Src/stm32l4xx_hal_msp.c ****   
 244:Src/stm32l4xx_hal_msp.c ****     /**UART4 GPIO Configuration    
 245:Src/stm32l4xx_hal_msp.c ****     PA0     ------> UART4_TX
 246:Src/stm32l4xx_hal_msp.c ****     PA1     ------> UART4_RX 
 247:Src/stm32l4xx_hal_msp.c ****     */
 248:Src/stm32l4xx_hal_msp.c ****     HAL_GPIO_DeInit(GPIOA, GPIO_PIN_0|GPIO_PIN_1);
 249:Src/stm32l4xx_hal_msp.c **** 
 250:Src/stm32l4xx_hal_msp.c ****     /* UART4 DMA DeInit */
 251:Src/stm32l4xx_hal_msp.c ****     HAL_DMA_DeInit(huart->hdmarx);
 252:Src/stm32l4xx_hal_msp.c ****     HAL_DMA_DeInit(huart->hdmatx);
 253:Src/stm32l4xx_hal_msp.c **** 
 254:Src/stm32l4xx_hal_msp.c ****     /* UART4 interrupt DeInit */
 255:Src/stm32l4xx_hal_msp.c ****     HAL_NVIC_DisableIRQ(UART4_IRQn);
 256:Src/stm32l4xx_hal_msp.c ****   /* USER CODE BEGIN UART4_MspDeInit 1 */
 257:Src/stm32l4xx_hal_msp.c **** 
 258:Src/stm32l4xx_hal_msp.c ****   /* USER CODE END UART4_MspDeInit 1 */
ARM GAS  /tmp/cck6FnqE.s 			page 14


 259:Src/stm32l4xx_hal_msp.c ****   }
 260:Src/stm32l4xx_hal_msp.c ****   else if(huart->Instance==USART1)
 428              		.loc 1 260 0
 429 000c 1E4A     		ldr	r2, .L29+4
 430 000e 9342     		cmp	r3, r2
 431 0010 18D0     		beq	.L27
 261:Src/stm32l4xx_hal_msp.c ****   {
 262:Src/stm32l4xx_hal_msp.c ****   /* USER CODE BEGIN USART1_MspDeInit 0 */
 263:Src/stm32l4xx_hal_msp.c **** 
 264:Src/stm32l4xx_hal_msp.c ****   /* USER CODE END USART1_MspDeInit 0 */
 265:Src/stm32l4xx_hal_msp.c ****     /* Peripheral clock disable */
 266:Src/stm32l4xx_hal_msp.c ****     __HAL_RCC_USART1_CLK_DISABLE();
 267:Src/stm32l4xx_hal_msp.c ****   
 268:Src/stm32l4xx_hal_msp.c ****     /**USART1 GPIO Configuration    
 269:Src/stm32l4xx_hal_msp.c ****     PA9     ------> USART1_TX
 270:Src/stm32l4xx_hal_msp.c ****     PA10     ------> USART1_RX 
 271:Src/stm32l4xx_hal_msp.c ****     */
 272:Src/stm32l4xx_hal_msp.c ****     HAL_GPIO_DeInit(GPIOA, GPIO_PIN_9|GPIO_PIN_10);
 273:Src/stm32l4xx_hal_msp.c **** 
 274:Src/stm32l4xx_hal_msp.c ****     /* USART1 DMA DeInit */
 275:Src/stm32l4xx_hal_msp.c ****     HAL_DMA_DeInit(huart->hdmarx);
 276:Src/stm32l4xx_hal_msp.c **** 
 277:Src/stm32l4xx_hal_msp.c ****     /* USART1 interrupt DeInit */
 278:Src/stm32l4xx_hal_msp.c ****     HAL_NVIC_DisableIRQ(USART1_IRQn);
 279:Src/stm32l4xx_hal_msp.c ****   /* USER CODE BEGIN USART1_MspDeInit 1 */
 280:Src/stm32l4xx_hal_msp.c **** 
 281:Src/stm32l4xx_hal_msp.c ****   /* USER CODE END USART1_MspDeInit 1 */
 282:Src/stm32l4xx_hal_msp.c ****   }
 283:Src/stm32l4xx_hal_msp.c ****   else if(huart->Instance==USART2)
 432              		.loc 1 283 0
 433 0012 1E4A     		ldr	r2, .L29+8
 434 0014 9342     		cmp	r3, r2
 435 0016 28D0     		beq	.L28
 436              	.LVL22:
 437              	.L21:
 438 0018 10BD     		pop	{r4, pc}
 439              	.LVL23:
 440              	.L26:
 242:Src/stm32l4xx_hal_msp.c ****   
 441              		.loc 1 242 0
 442 001a 02F5E232 		add	r2, r2, #115712
 443 001e 936D     		ldr	r3, [r2, #88]
 444 0020 23F40023 		bic	r3, r3, #524288
 445 0024 9365     		str	r3, [r2, #88]
 248:Src/stm32l4xx_hal_msp.c **** 
 446              		.loc 1 248 0
 447 0026 0321     		movs	r1, #3
 448 0028 4FF09040 		mov	r0, #1207959552
 449              	.LVL24:
 450 002c FFF7FEFF 		bl	HAL_GPIO_DeInit
 451              	.LVL25:
 251:Src/stm32l4xx_hal_msp.c ****     HAL_DMA_DeInit(huart->hdmatx);
 452              		.loc 1 251 0
 453 0030 E06E     		ldr	r0, [r4, #108]
 454 0032 FFF7FEFF 		bl	HAL_DMA_DeInit
 455              	.LVL26:
 252:Src/stm32l4xx_hal_msp.c **** 
ARM GAS  /tmp/cck6FnqE.s 			page 15


 456              		.loc 1 252 0
 457 0036 A06E     		ldr	r0, [r4, #104]
 458 0038 FFF7FEFF 		bl	HAL_DMA_DeInit
 459              	.LVL27:
 255:Src/stm32l4xx_hal_msp.c ****   /* USER CODE BEGIN UART4_MspDeInit 1 */
 460              		.loc 1 255 0
 461 003c 3420     		movs	r0, #52
 462 003e FFF7FEFF 		bl	HAL_NVIC_DisableIRQ
 463              	.LVL28:
 464 0042 10BD     		pop	{r4, pc}
 465              	.LVL29:
 466              	.L27:
 266:Src/stm32l4xx_hal_msp.c ****   
 467              		.loc 1 266 0
 468 0044 02F55842 		add	r2, r2, #55296
 469 0048 136E     		ldr	r3, [r2, #96]
 470 004a 23F48043 		bic	r3, r3, #16384
 471 004e 1366     		str	r3, [r2, #96]
 272:Src/stm32l4xx_hal_msp.c **** 
 472              		.loc 1 272 0
 473 0050 4FF4C061 		mov	r1, #1536
 474 0054 4FF09040 		mov	r0, #1207959552
 475              	.LVL30:
 476 0058 FFF7FEFF 		bl	HAL_GPIO_DeInit
 477              	.LVL31:
 275:Src/stm32l4xx_hal_msp.c **** 
 478              		.loc 1 275 0
 479 005c E06E     		ldr	r0, [r4, #108]
 480 005e FFF7FEFF 		bl	HAL_DMA_DeInit
 481              	.LVL32:
 278:Src/stm32l4xx_hal_msp.c ****   /* USER CODE BEGIN USART1_MspDeInit 1 */
 482              		.loc 1 278 0
 483 0062 2520     		movs	r0, #37
 484 0064 FFF7FEFF 		bl	HAL_NVIC_DisableIRQ
 485              	.LVL33:
 486 0068 10BD     		pop	{r4, pc}
 487              	.LVL34:
 488              	.L28:
 284:Src/stm32l4xx_hal_msp.c ****   {
 285:Src/stm32l4xx_hal_msp.c ****   /* USER CODE BEGIN USART2_MspDeInit 0 */
 286:Src/stm32l4xx_hal_msp.c **** 
 287:Src/stm32l4xx_hal_msp.c ****   /* USER CODE END USART2_MspDeInit 0 */
 288:Src/stm32l4xx_hal_msp.c ****     /* Peripheral clock disable */
 289:Src/stm32l4xx_hal_msp.c ****     __HAL_RCC_USART2_CLK_DISABLE();
 489              		.loc 1 289 0
 490 006a 02F5E632 		add	r2, r2, #117760
 491 006e 936D     		ldr	r3, [r2, #88]
 492 0070 23F40033 		bic	r3, r3, #131072
 493 0074 9365     		str	r3, [r2, #88]
 290:Src/stm32l4xx_hal_msp.c ****   
 291:Src/stm32l4xx_hal_msp.c ****     /**USART2 GPIO Configuration    
 292:Src/stm32l4xx_hal_msp.c ****     PA2     ------> USART2_TX
 293:Src/stm32l4xx_hal_msp.c ****     PA3     ------> USART2_RX 
 294:Src/stm32l4xx_hal_msp.c ****     */
 295:Src/stm32l4xx_hal_msp.c ****     HAL_GPIO_DeInit(GPIOA, USART_TX_Pin|USART_RX_Pin);
 494              		.loc 1 295 0
 495 0076 0C21     		movs	r1, #12
ARM GAS  /tmp/cck6FnqE.s 			page 16


 496 0078 4FF09040 		mov	r0, #1207959552
 497              	.LVL35:
 498 007c FFF7FEFF 		bl	HAL_GPIO_DeInit
 499              	.LVL36:
 296:Src/stm32l4xx_hal_msp.c **** 
 297:Src/stm32l4xx_hal_msp.c ****   /* USER CODE BEGIN USART2_MspDeInit 1 */
 298:Src/stm32l4xx_hal_msp.c **** 
 299:Src/stm32l4xx_hal_msp.c ****   /* USER CODE END USART2_MspDeInit 1 */
 300:Src/stm32l4xx_hal_msp.c ****   }
 301:Src/stm32l4xx_hal_msp.c **** 
 302:Src/stm32l4xx_hal_msp.c **** }
 500              		.loc 1 302 0
 501 0080 CAE7     		b	.L21
 502              	.L30:
 503 0082 00BF     		.align	2
 504              	.L29:
 505 0084 004C0040 		.word	1073761280
 506 0088 00380140 		.word	1073821696
 507 008c 00440040 		.word	1073759232
 508              		.cfi_endproc
 509              	.LFE132:
 511              		.text
 512              	.Letext0:
 513              		.file 2 "/usr/include/newlib/machine/_default_types.h"
 514              		.file 3 "/usr/include/newlib/sys/_stdint.h"
 515              		.file 4 "Drivers/CMSIS/Include/core_cm4.h"
 516              		.file 5 "Drivers/CMSIS/Device/ST/STM32L4xx/Include/system_stm32l4xx.h"
 517              		.file 6 "Drivers/CMSIS/Device/ST/STM32L4xx/Include/stm32l476xx.h"
 518              		.file 7 "Drivers/STM32L4xx_HAL_Driver/Inc/stm32l4xx_hal_def.h"
 519              		.file 8 "Drivers/STM32L4xx_HAL_Driver/Inc/stm32l4xx_hal_gpio.h"
 520              		.file 9 "Drivers/STM32L4xx_HAL_Driver/Inc/stm32l4xx_hal_dma.h"
 521              		.file 10 "Drivers/STM32L4xx_HAL_Driver/Inc/stm32l4xx_hal_flash.h"
 522              		.file 11 "Drivers/STM32L4xx_HAL_Driver/Inc/stm32l4xx_hal_uart.h"
 523              		.file 12 "Drivers/STM32L4xx_HAL_Driver/Inc/stm32l4xx_hal.h"
 524              		.file 13 "Drivers/STM32L4xx_HAL_Driver/Inc/stm32l4xx_hal_cortex.h"
 525              		.file 14 "Inc/main.h"
ARM GAS  /tmp/cck6FnqE.s 			page 17


DEFINED SYMBOLS
                            *ABS*:0000000000000000 stm32l4xx_hal_msp.c
     /tmp/cck6FnqE.s:18     .text.HAL_MspInit:0000000000000000 $t
     /tmp/cck6FnqE.s:25     .text.HAL_MspInit:0000000000000000 HAL_MspInit
     /tmp/cck6FnqE.s:66     .text.HAL_MspInit:000000000000002c $d
     /tmp/cck6FnqE.s:71     .text.HAL_UART_MspInit:0000000000000000 $t
     /tmp/cck6FnqE.s:78     .text.HAL_UART_MspInit:0000000000000000 HAL_UART_MspInit
     /tmp/cck6FnqE.s:389    .text.HAL_UART_MspInit:00000000000001a4 $d
     /tmp/cck6FnqE.s:403    .text.HAL_UART_MspDeInit:0000000000000000 $t
     /tmp/cck6FnqE.s:410    .text.HAL_UART_MspDeInit:0000000000000000 HAL_UART_MspDeInit
     /tmp/cck6FnqE.s:505    .text.HAL_UART_MspDeInit:0000000000000084 $d
                     .debug_frame:0000000000000010 $d

UNDEFINED SYMBOLS
HAL_GPIO_Init
HAL_DMA_Init
HAL_NVIC_SetPriority
HAL_NVIC_EnableIRQ
Error_Handler
hdma_uart4_rx
hdma_uart4_tx
hdma_usart1_rx
HAL_GPIO_DeInit
HAL_DMA_DeInit
HAL_NVIC_DisableIRQ
