ARM GAS  /tmp/ccSApThk.s 			page 1


   1              		.cpu cortex-m4
   2              		.eabi_attribute 27, 1
   3              		.eabi_attribute 28, 1
   4              		.eabi_attribute 20, 1
   5              		.eabi_attribute 21, 1
   6              		.eabi_attribute 23, 3
   7              		.eabi_attribute 24, 1
   8              		.eabi_attribute 25, 1
   9              		.eabi_attribute 26, 1
  10              		.eabi_attribute 30, 1
  11              		.eabi_attribute 34, 1
  12              		.eabi_attribute 18, 4
  13              		.file	"stm32l4xx_hal_gpio.c"
  14              		.text
  15              	.Ltext0:
  16              		.cfi_sections	.debug_frame
  17              		.section	.text.HAL_GPIO_Init,"ax",%progbits
  18              		.align	1
  19              		.global	HAL_GPIO_Init
  20              		.syntax unified
  21              		.thumb
  22              		.thumb_func
  23              		.fpu fpv4-sp-d16
  25              	HAL_GPIO_Init:
  26              	.LFB130:
  27              		.file 1 "Drivers/STM32L4xx_HAL_Driver/Src/stm32l4xx_hal_gpio.c"
   1:Drivers/STM32L4xx_HAL_Driver/Src/stm32l4xx_hal_gpio.c **** /**
   2:Drivers/STM32L4xx_HAL_Driver/Src/stm32l4xx_hal_gpio.c ****   ******************************************************************************
   3:Drivers/STM32L4xx_HAL_Driver/Src/stm32l4xx_hal_gpio.c ****   * @file    stm32l4xx_hal_gpio.c
   4:Drivers/STM32L4xx_HAL_Driver/Src/stm32l4xx_hal_gpio.c ****   * @author  MCD Application Team
   5:Drivers/STM32L4xx_HAL_Driver/Src/stm32l4xx_hal_gpio.c ****   * @brief   GPIO HAL module driver.
   6:Drivers/STM32L4xx_HAL_Driver/Src/stm32l4xx_hal_gpio.c ****   *          This file provides firmware functions to manage the following
   7:Drivers/STM32L4xx_HAL_Driver/Src/stm32l4xx_hal_gpio.c ****   *          functionalities of the General Purpose Input/Output (GPIO) peripheral:
   8:Drivers/STM32L4xx_HAL_Driver/Src/stm32l4xx_hal_gpio.c ****   *           + Initialization and de-initialization functions
   9:Drivers/STM32L4xx_HAL_Driver/Src/stm32l4xx_hal_gpio.c ****   *           + IO operation functions
  10:Drivers/STM32L4xx_HAL_Driver/Src/stm32l4xx_hal_gpio.c ****   *
  11:Drivers/STM32L4xx_HAL_Driver/Src/stm32l4xx_hal_gpio.c ****   @verbatim
  12:Drivers/STM32L4xx_HAL_Driver/Src/stm32l4xx_hal_gpio.c ****   ==============================================================================
  13:Drivers/STM32L4xx_HAL_Driver/Src/stm32l4xx_hal_gpio.c ****                     ##### GPIO Peripheral features #####
  14:Drivers/STM32L4xx_HAL_Driver/Src/stm32l4xx_hal_gpio.c ****   ==============================================================================
  15:Drivers/STM32L4xx_HAL_Driver/Src/stm32l4xx_hal_gpio.c ****   [..]
  16:Drivers/STM32L4xx_HAL_Driver/Src/stm32l4xx_hal_gpio.c ****     (+) Each port bit of the general-purpose I/O (GPIO) ports can be individually
  17:Drivers/STM32L4xx_HAL_Driver/Src/stm32l4xx_hal_gpio.c ****         configured by software in several modes:
  18:Drivers/STM32L4xx_HAL_Driver/Src/stm32l4xx_hal_gpio.c ****         (++) Input mode
  19:Drivers/STM32L4xx_HAL_Driver/Src/stm32l4xx_hal_gpio.c ****         (++) Analog mode
  20:Drivers/STM32L4xx_HAL_Driver/Src/stm32l4xx_hal_gpio.c ****         (++) Output mode
  21:Drivers/STM32L4xx_HAL_Driver/Src/stm32l4xx_hal_gpio.c ****         (++) Alternate function mode
  22:Drivers/STM32L4xx_HAL_Driver/Src/stm32l4xx_hal_gpio.c ****         (++) External interrupt/event lines
  23:Drivers/STM32L4xx_HAL_Driver/Src/stm32l4xx_hal_gpio.c **** 
  24:Drivers/STM32L4xx_HAL_Driver/Src/stm32l4xx_hal_gpio.c ****     (+) During and just after reset, the alternate functions and external interrupt
  25:Drivers/STM32L4xx_HAL_Driver/Src/stm32l4xx_hal_gpio.c ****         lines are not active and the I/O ports are configured in input floating mode.
  26:Drivers/STM32L4xx_HAL_Driver/Src/stm32l4xx_hal_gpio.c **** 
  27:Drivers/STM32L4xx_HAL_Driver/Src/stm32l4xx_hal_gpio.c ****     (+) All GPIO pins have weak internal pull-up and pull-down resistors, which can be
  28:Drivers/STM32L4xx_HAL_Driver/Src/stm32l4xx_hal_gpio.c ****         activated or not.
  29:Drivers/STM32L4xx_HAL_Driver/Src/stm32l4xx_hal_gpio.c **** 
  30:Drivers/STM32L4xx_HAL_Driver/Src/stm32l4xx_hal_gpio.c ****     (+) In Output or Alternate mode, each IO can be configured on open-drain or push-pull
  31:Drivers/STM32L4xx_HAL_Driver/Src/stm32l4xx_hal_gpio.c ****         type and the IO speed can be selected depending on the VDD value.
ARM GAS  /tmp/ccSApThk.s 			page 2


  32:Drivers/STM32L4xx_HAL_Driver/Src/stm32l4xx_hal_gpio.c **** 
  33:Drivers/STM32L4xx_HAL_Driver/Src/stm32l4xx_hal_gpio.c ****     (+) The microcontroller IO pins are connected to onboard peripherals/modules through a
  34:Drivers/STM32L4xx_HAL_Driver/Src/stm32l4xx_hal_gpio.c ****         multiplexer that allows only one peripheral alternate function (AF) connected
  35:Drivers/STM32L4xx_HAL_Driver/Src/stm32l4xx_hal_gpio.c ****        to an IO pin at a time. In this way, there can be no conflict between peripherals
  36:Drivers/STM32L4xx_HAL_Driver/Src/stm32l4xx_hal_gpio.c ****        sharing the same IO pin.
  37:Drivers/STM32L4xx_HAL_Driver/Src/stm32l4xx_hal_gpio.c **** 
  38:Drivers/STM32L4xx_HAL_Driver/Src/stm32l4xx_hal_gpio.c ****     (+) All ports have external interrupt/event capability. To use external interrupt
  39:Drivers/STM32L4xx_HAL_Driver/Src/stm32l4xx_hal_gpio.c ****         lines, the port must be configured in input mode. All available GPIO pins are
  40:Drivers/STM32L4xx_HAL_Driver/Src/stm32l4xx_hal_gpio.c ****         connected to the 16 external interrupt/event lines from EXTI0 to EXTI15.
  41:Drivers/STM32L4xx_HAL_Driver/Src/stm32l4xx_hal_gpio.c **** 
  42:Drivers/STM32L4xx_HAL_Driver/Src/stm32l4xx_hal_gpio.c ****     (+) The external interrupt/event controller consists of up to 39 edge detectors
  43:Drivers/STM32L4xx_HAL_Driver/Src/stm32l4xx_hal_gpio.c ****         (16 lines are connected to GPIO) for generating event/interrupt requests (each
  44:Drivers/STM32L4xx_HAL_Driver/Src/stm32l4xx_hal_gpio.c ****         input line can be independently configured to select the type (interrupt or event)
  45:Drivers/STM32L4xx_HAL_Driver/Src/stm32l4xx_hal_gpio.c ****         and the corresponding trigger event (rising or falling or both). Each line can
  46:Drivers/STM32L4xx_HAL_Driver/Src/stm32l4xx_hal_gpio.c ****         also be masked independently.
  47:Drivers/STM32L4xx_HAL_Driver/Src/stm32l4xx_hal_gpio.c **** 
  48:Drivers/STM32L4xx_HAL_Driver/Src/stm32l4xx_hal_gpio.c ****                      ##### How to use this driver #####
  49:Drivers/STM32L4xx_HAL_Driver/Src/stm32l4xx_hal_gpio.c ****   ==============================================================================
  50:Drivers/STM32L4xx_HAL_Driver/Src/stm32l4xx_hal_gpio.c ****   [..]
  51:Drivers/STM32L4xx_HAL_Driver/Src/stm32l4xx_hal_gpio.c ****     (#) Enable the GPIO AHB clock using the following function: __HAL_RCC_GPIOx_CLK_ENABLE().
  52:Drivers/STM32L4xx_HAL_Driver/Src/stm32l4xx_hal_gpio.c **** 
  53:Drivers/STM32L4xx_HAL_Driver/Src/stm32l4xx_hal_gpio.c ****     (#) Configure the GPIO pin(s) using HAL_GPIO_Init().
  54:Drivers/STM32L4xx_HAL_Driver/Src/stm32l4xx_hal_gpio.c ****         (++) Configure the IO mode using "Mode" member from GPIO_InitTypeDef structure
  55:Drivers/STM32L4xx_HAL_Driver/Src/stm32l4xx_hal_gpio.c ****         (++) Activate Pull-up, Pull-down resistor using "Pull" member from GPIO_InitTypeDef
  56:Drivers/STM32L4xx_HAL_Driver/Src/stm32l4xx_hal_gpio.c ****              structure.
  57:Drivers/STM32L4xx_HAL_Driver/Src/stm32l4xx_hal_gpio.c ****         (++) In case of Output or alternate function mode selection: the speed is
  58:Drivers/STM32L4xx_HAL_Driver/Src/stm32l4xx_hal_gpio.c ****              configured through "Speed" member from GPIO_InitTypeDef structure.
  59:Drivers/STM32L4xx_HAL_Driver/Src/stm32l4xx_hal_gpio.c ****         (++) In alternate mode is selection, the alternate function connected to the IO
  60:Drivers/STM32L4xx_HAL_Driver/Src/stm32l4xx_hal_gpio.c ****              is configured through "Alternate" member from GPIO_InitTypeDef structure.
  61:Drivers/STM32L4xx_HAL_Driver/Src/stm32l4xx_hal_gpio.c ****         (++) Analog mode is required when a pin is to be used as ADC channel
  62:Drivers/STM32L4xx_HAL_Driver/Src/stm32l4xx_hal_gpio.c ****              or DAC output.
  63:Drivers/STM32L4xx_HAL_Driver/Src/stm32l4xx_hal_gpio.c ****         (++) In case of external interrupt/event selection the "Mode" member from
  64:Drivers/STM32L4xx_HAL_Driver/Src/stm32l4xx_hal_gpio.c ****              GPIO_InitTypeDef structure select the type (interrupt or event) and
  65:Drivers/STM32L4xx_HAL_Driver/Src/stm32l4xx_hal_gpio.c ****              the corresponding trigger event (rising or falling or both).
  66:Drivers/STM32L4xx_HAL_Driver/Src/stm32l4xx_hal_gpio.c **** 
  67:Drivers/STM32L4xx_HAL_Driver/Src/stm32l4xx_hal_gpio.c ****     (#) In case of external interrupt/event mode selection, configure NVIC IRQ priority
  68:Drivers/STM32L4xx_HAL_Driver/Src/stm32l4xx_hal_gpio.c ****         mapped to the EXTI line using HAL_NVIC_SetPriority() and enable it using
  69:Drivers/STM32L4xx_HAL_Driver/Src/stm32l4xx_hal_gpio.c ****         HAL_NVIC_EnableIRQ().
  70:Drivers/STM32L4xx_HAL_Driver/Src/stm32l4xx_hal_gpio.c **** 
  71:Drivers/STM32L4xx_HAL_Driver/Src/stm32l4xx_hal_gpio.c ****     (#) To get the level of a pin configured in input mode use HAL_GPIO_ReadPin().
  72:Drivers/STM32L4xx_HAL_Driver/Src/stm32l4xx_hal_gpio.c **** 
  73:Drivers/STM32L4xx_HAL_Driver/Src/stm32l4xx_hal_gpio.c ****     (#) To set/reset the level of a pin configured in output mode use
  74:Drivers/STM32L4xx_HAL_Driver/Src/stm32l4xx_hal_gpio.c ****         HAL_GPIO_WritePin()/HAL_GPIO_TogglePin().
  75:Drivers/STM32L4xx_HAL_Driver/Src/stm32l4xx_hal_gpio.c **** 
  76:Drivers/STM32L4xx_HAL_Driver/Src/stm32l4xx_hal_gpio.c ****    (#) To lock pin configuration until next reset use HAL_GPIO_LockPin().
  77:Drivers/STM32L4xx_HAL_Driver/Src/stm32l4xx_hal_gpio.c **** 
  78:Drivers/STM32L4xx_HAL_Driver/Src/stm32l4xx_hal_gpio.c ****     (#) During and just after reset, the alternate functions are not
  79:Drivers/STM32L4xx_HAL_Driver/Src/stm32l4xx_hal_gpio.c ****         active and the GPIO pins are configured in input floating mode (except JTAG
  80:Drivers/STM32L4xx_HAL_Driver/Src/stm32l4xx_hal_gpio.c ****         pins).
  81:Drivers/STM32L4xx_HAL_Driver/Src/stm32l4xx_hal_gpio.c **** 
  82:Drivers/STM32L4xx_HAL_Driver/Src/stm32l4xx_hal_gpio.c ****     (#) The LSE oscillator pins OSC32_IN and OSC32_OUT can be used as general purpose
  83:Drivers/STM32L4xx_HAL_Driver/Src/stm32l4xx_hal_gpio.c ****         (PC14 and PC15, respectively) when the LSE oscillator is off. The LSE has
  84:Drivers/STM32L4xx_HAL_Driver/Src/stm32l4xx_hal_gpio.c ****         priority over the GPIO function.
  85:Drivers/STM32L4xx_HAL_Driver/Src/stm32l4xx_hal_gpio.c **** 
  86:Drivers/STM32L4xx_HAL_Driver/Src/stm32l4xx_hal_gpio.c ****     (#) The HSE oscillator pins OSC_IN/OSC_OUT can be used as
  87:Drivers/STM32L4xx_HAL_Driver/Src/stm32l4xx_hal_gpio.c ****         general purpose PH0 and PH1, respectively, when the HSE oscillator is off.
  88:Drivers/STM32L4xx_HAL_Driver/Src/stm32l4xx_hal_gpio.c ****         The HSE has priority over the GPIO function.
ARM GAS  /tmp/ccSApThk.s 			page 3


  89:Drivers/STM32L4xx_HAL_Driver/Src/stm32l4xx_hal_gpio.c **** 
  90:Drivers/STM32L4xx_HAL_Driver/Src/stm32l4xx_hal_gpio.c ****   @endverbatim
  91:Drivers/STM32L4xx_HAL_Driver/Src/stm32l4xx_hal_gpio.c ****   ******************************************************************************
  92:Drivers/STM32L4xx_HAL_Driver/Src/stm32l4xx_hal_gpio.c ****   * @attention
  93:Drivers/STM32L4xx_HAL_Driver/Src/stm32l4xx_hal_gpio.c ****   *
  94:Drivers/STM32L4xx_HAL_Driver/Src/stm32l4xx_hal_gpio.c ****   * <h2><center>&copy; Copyright (c) 2017 STMicroelectronics.
  95:Drivers/STM32L4xx_HAL_Driver/Src/stm32l4xx_hal_gpio.c ****   * All rights reserved.</center></h2>
  96:Drivers/STM32L4xx_HAL_Driver/Src/stm32l4xx_hal_gpio.c ****   *
  97:Drivers/STM32L4xx_HAL_Driver/Src/stm32l4xx_hal_gpio.c ****   * This software component is licensed by ST under BSD 3-Clause license,
  98:Drivers/STM32L4xx_HAL_Driver/Src/stm32l4xx_hal_gpio.c ****   * the "License"; You may not use this file except in compliance with the
  99:Drivers/STM32L4xx_HAL_Driver/Src/stm32l4xx_hal_gpio.c ****   * License. You may obtain a copy of the License at:
 100:Drivers/STM32L4xx_HAL_Driver/Src/stm32l4xx_hal_gpio.c ****   *                        opensource.org/licenses/BSD-3-Clause
 101:Drivers/STM32L4xx_HAL_Driver/Src/stm32l4xx_hal_gpio.c ****   *
 102:Drivers/STM32L4xx_HAL_Driver/Src/stm32l4xx_hal_gpio.c ****   ******************************************************************************
 103:Drivers/STM32L4xx_HAL_Driver/Src/stm32l4xx_hal_gpio.c ****   */
 104:Drivers/STM32L4xx_HAL_Driver/Src/stm32l4xx_hal_gpio.c **** 
 105:Drivers/STM32L4xx_HAL_Driver/Src/stm32l4xx_hal_gpio.c **** /* Includes ------------------------------------------------------------------*/
 106:Drivers/STM32L4xx_HAL_Driver/Src/stm32l4xx_hal_gpio.c **** #include "stm32l4xx_hal.h"
 107:Drivers/STM32L4xx_HAL_Driver/Src/stm32l4xx_hal_gpio.c **** 
 108:Drivers/STM32L4xx_HAL_Driver/Src/stm32l4xx_hal_gpio.c **** /** @addtogroup STM32L4xx_HAL_Driver
 109:Drivers/STM32L4xx_HAL_Driver/Src/stm32l4xx_hal_gpio.c ****   * @{
 110:Drivers/STM32L4xx_HAL_Driver/Src/stm32l4xx_hal_gpio.c ****   */
 111:Drivers/STM32L4xx_HAL_Driver/Src/stm32l4xx_hal_gpio.c **** 
 112:Drivers/STM32L4xx_HAL_Driver/Src/stm32l4xx_hal_gpio.c **** /** @defgroup GPIO GPIO
 113:Drivers/STM32L4xx_HAL_Driver/Src/stm32l4xx_hal_gpio.c ****   * @brief GPIO HAL module driver
 114:Drivers/STM32L4xx_HAL_Driver/Src/stm32l4xx_hal_gpio.c ****   * @{
 115:Drivers/STM32L4xx_HAL_Driver/Src/stm32l4xx_hal_gpio.c ****   */
 116:Drivers/STM32L4xx_HAL_Driver/Src/stm32l4xx_hal_gpio.c **** /** MISRA C:2012 deviation rule has been granted for following rules:
 117:Drivers/STM32L4xx_HAL_Driver/Src/stm32l4xx_hal_gpio.c ****   * Rule-12.2 - Medium: RHS argument is in interval [0,INF] which is out of
 118:Drivers/STM32L4xx_HAL_Driver/Src/stm32l4xx_hal_gpio.c ****   * range of the shift operator in following API :
 119:Drivers/STM32L4xx_HAL_Driver/Src/stm32l4xx_hal_gpio.c ****   * HAL_GPIO_Init
 120:Drivers/STM32L4xx_HAL_Driver/Src/stm32l4xx_hal_gpio.c ****   * HAL_GPIO_DeInit
 121:Drivers/STM32L4xx_HAL_Driver/Src/stm32l4xx_hal_gpio.c ****   */
 122:Drivers/STM32L4xx_HAL_Driver/Src/stm32l4xx_hal_gpio.c **** 
 123:Drivers/STM32L4xx_HAL_Driver/Src/stm32l4xx_hal_gpio.c **** #ifdef HAL_GPIO_MODULE_ENABLED
 124:Drivers/STM32L4xx_HAL_Driver/Src/stm32l4xx_hal_gpio.c **** 
 125:Drivers/STM32L4xx_HAL_Driver/Src/stm32l4xx_hal_gpio.c **** /* Private typedef -----------------------------------------------------------*/
 126:Drivers/STM32L4xx_HAL_Driver/Src/stm32l4xx_hal_gpio.c **** /* Private defines -----------------------------------------------------------*/
 127:Drivers/STM32L4xx_HAL_Driver/Src/stm32l4xx_hal_gpio.c **** /** @defgroup GPIO_Private_Defines GPIO Private Defines
 128:Drivers/STM32L4xx_HAL_Driver/Src/stm32l4xx_hal_gpio.c ****   * @{
 129:Drivers/STM32L4xx_HAL_Driver/Src/stm32l4xx_hal_gpio.c ****   */
 130:Drivers/STM32L4xx_HAL_Driver/Src/stm32l4xx_hal_gpio.c **** #define GPIO_MODE             (0x00000003u)
 131:Drivers/STM32L4xx_HAL_Driver/Src/stm32l4xx_hal_gpio.c **** #define ANALOG_MODE           (0x00000008u)
 132:Drivers/STM32L4xx_HAL_Driver/Src/stm32l4xx_hal_gpio.c **** #define EXTI_MODE             (0x10000000u)
 133:Drivers/STM32L4xx_HAL_Driver/Src/stm32l4xx_hal_gpio.c **** #define GPIO_MODE_IT          (0x00010000u)
 134:Drivers/STM32L4xx_HAL_Driver/Src/stm32l4xx_hal_gpio.c **** #define GPIO_MODE_EVT         (0x00020000u)
 135:Drivers/STM32L4xx_HAL_Driver/Src/stm32l4xx_hal_gpio.c **** #define RISING_EDGE           (0x00100000u)
 136:Drivers/STM32L4xx_HAL_Driver/Src/stm32l4xx_hal_gpio.c **** #define FALLING_EDGE          (0x00200000u)
 137:Drivers/STM32L4xx_HAL_Driver/Src/stm32l4xx_hal_gpio.c **** #define GPIO_OUTPUT_TYPE      (0x00000010u)
 138:Drivers/STM32L4xx_HAL_Driver/Src/stm32l4xx_hal_gpio.c **** 
 139:Drivers/STM32L4xx_HAL_Driver/Src/stm32l4xx_hal_gpio.c **** #define GPIO_NUMBER           (16u)
 140:Drivers/STM32L4xx_HAL_Driver/Src/stm32l4xx_hal_gpio.c **** /**
 141:Drivers/STM32L4xx_HAL_Driver/Src/stm32l4xx_hal_gpio.c ****   * @}
 142:Drivers/STM32L4xx_HAL_Driver/Src/stm32l4xx_hal_gpio.c ****   */
 143:Drivers/STM32L4xx_HAL_Driver/Src/stm32l4xx_hal_gpio.c **** 
 144:Drivers/STM32L4xx_HAL_Driver/Src/stm32l4xx_hal_gpio.c **** /* Private macros ------------------------------------------------------------*/
 145:Drivers/STM32L4xx_HAL_Driver/Src/stm32l4xx_hal_gpio.c **** /* Private variables ---------------------------------------------------------*/
ARM GAS  /tmp/ccSApThk.s 			page 4


 146:Drivers/STM32L4xx_HAL_Driver/Src/stm32l4xx_hal_gpio.c **** /* Private function prototypes -----------------------------------------------*/
 147:Drivers/STM32L4xx_HAL_Driver/Src/stm32l4xx_hal_gpio.c **** /* Exported functions --------------------------------------------------------*/
 148:Drivers/STM32L4xx_HAL_Driver/Src/stm32l4xx_hal_gpio.c **** 
 149:Drivers/STM32L4xx_HAL_Driver/Src/stm32l4xx_hal_gpio.c **** /** @defgroup GPIO_Exported_Functions GPIO Exported Functions
 150:Drivers/STM32L4xx_HAL_Driver/Src/stm32l4xx_hal_gpio.c ****   * @{
 151:Drivers/STM32L4xx_HAL_Driver/Src/stm32l4xx_hal_gpio.c ****   */
 152:Drivers/STM32L4xx_HAL_Driver/Src/stm32l4xx_hal_gpio.c **** 
 153:Drivers/STM32L4xx_HAL_Driver/Src/stm32l4xx_hal_gpio.c **** /** @defgroup GPIO_Exported_Functions_Group1 Initialization/de-initialization functions
 154:Drivers/STM32L4xx_HAL_Driver/Src/stm32l4xx_hal_gpio.c ****  *  @brief    Initialization and Configuration functions
 155:Drivers/STM32L4xx_HAL_Driver/Src/stm32l4xx_hal_gpio.c ****  *
 156:Drivers/STM32L4xx_HAL_Driver/Src/stm32l4xx_hal_gpio.c **** @verbatim
 157:Drivers/STM32L4xx_HAL_Driver/Src/stm32l4xx_hal_gpio.c ****  ===============================================================================
 158:Drivers/STM32L4xx_HAL_Driver/Src/stm32l4xx_hal_gpio.c ****               ##### Initialization and de-initialization functions #####
 159:Drivers/STM32L4xx_HAL_Driver/Src/stm32l4xx_hal_gpio.c ****  ===============================================================================
 160:Drivers/STM32L4xx_HAL_Driver/Src/stm32l4xx_hal_gpio.c **** 
 161:Drivers/STM32L4xx_HAL_Driver/Src/stm32l4xx_hal_gpio.c **** @endverbatim
 162:Drivers/STM32L4xx_HAL_Driver/Src/stm32l4xx_hal_gpio.c ****   * @{
 163:Drivers/STM32L4xx_HAL_Driver/Src/stm32l4xx_hal_gpio.c ****   */
 164:Drivers/STM32L4xx_HAL_Driver/Src/stm32l4xx_hal_gpio.c **** 
 165:Drivers/STM32L4xx_HAL_Driver/Src/stm32l4xx_hal_gpio.c **** /**
 166:Drivers/STM32L4xx_HAL_Driver/Src/stm32l4xx_hal_gpio.c ****   * @brief  Initialize the GPIOx peripheral according to the specified parameters in the GPIO_Init.
 167:Drivers/STM32L4xx_HAL_Driver/Src/stm32l4xx_hal_gpio.c ****   * @param  GPIOx where x can be (A..H) to select the GPIO peripheral for STM32L4 family
 168:Drivers/STM32L4xx_HAL_Driver/Src/stm32l4xx_hal_gpio.c ****   * @param  GPIO_Init pointer to a GPIO_InitTypeDef structure that contains
 169:Drivers/STM32L4xx_HAL_Driver/Src/stm32l4xx_hal_gpio.c ****   *         the configuration information for the specified GPIO peripheral.
 170:Drivers/STM32L4xx_HAL_Driver/Src/stm32l4xx_hal_gpio.c ****   * @retval None
 171:Drivers/STM32L4xx_HAL_Driver/Src/stm32l4xx_hal_gpio.c ****   */
 172:Drivers/STM32L4xx_HAL_Driver/Src/stm32l4xx_hal_gpio.c **** void HAL_GPIO_Init(GPIO_TypeDef  *GPIOx, GPIO_InitTypeDef *GPIO_Init)
 173:Drivers/STM32L4xx_HAL_Driver/Src/stm32l4xx_hal_gpio.c **** {
  28              		.loc 1 173 0
  29              		.cfi_startproc
  30              		@ args = 0, pretend = 0, frame = 8
  31              		@ frame_needed = 0, uses_anonymous_args = 0
  32              	.LVL0:
  33 0000 F0B5     		push	{r4, r5, r6, r7, lr}
  34              	.LCFI0:
  35              		.cfi_def_cfa_offset 20
  36              		.cfi_offset 4, -20
  37              		.cfi_offset 5, -16
  38              		.cfi_offset 6, -12
  39              		.cfi_offset 7, -8
  40              		.cfi_offset 14, -4
  41 0002 83B0     		sub	sp, sp, #12
  42              	.LCFI1:
  43              		.cfi_def_cfa_offset 32
  44              	.LVL1:
 174:Drivers/STM32L4xx_HAL_Driver/Src/stm32l4xx_hal_gpio.c ****   uint32_t position = 0x00u;
  45              		.loc 1 174 0
  46 0004 0023     		movs	r3, #0
 175:Drivers/STM32L4xx_HAL_Driver/Src/stm32l4xx_hal_gpio.c ****   uint32_t iocurrent;
 176:Drivers/STM32L4xx_HAL_Driver/Src/stm32l4xx_hal_gpio.c ****   uint32_t temp;
 177:Drivers/STM32L4xx_HAL_Driver/Src/stm32l4xx_hal_gpio.c **** 
 178:Drivers/STM32L4xx_HAL_Driver/Src/stm32l4xx_hal_gpio.c ****   /* Check the parameters */
 179:Drivers/STM32L4xx_HAL_Driver/Src/stm32l4xx_hal_gpio.c ****   assert_param(IS_GPIO_ALL_INSTANCE(GPIOx));
 180:Drivers/STM32L4xx_HAL_Driver/Src/stm32l4xx_hal_gpio.c ****   assert_param(IS_GPIO_PIN(GPIO_Init->Pin));
 181:Drivers/STM32L4xx_HAL_Driver/Src/stm32l4xx_hal_gpio.c ****   assert_param(IS_GPIO_MODE(GPIO_Init->Mode));
 182:Drivers/STM32L4xx_HAL_Driver/Src/stm32l4xx_hal_gpio.c ****   assert_param(IS_GPIO_PULL(GPIO_Init->Pull));
 183:Drivers/STM32L4xx_HAL_Driver/Src/stm32l4xx_hal_gpio.c **** 
ARM GAS  /tmp/ccSApThk.s 			page 5


 184:Drivers/STM32L4xx_HAL_Driver/Src/stm32l4xx_hal_gpio.c ****   /* Configure the port pins */
 185:Drivers/STM32L4xx_HAL_Driver/Src/stm32l4xx_hal_gpio.c ****   while (((GPIO_Init->Pin) >> position) != 0x00u)
  47              		.loc 1 185 0
  48 0006 9EE0     		b	.L2
  49              	.LVL2:
  50              	.L4:
 186:Drivers/STM32L4xx_HAL_Driver/Src/stm32l4xx_hal_gpio.c ****   {
 187:Drivers/STM32L4xx_HAL_Driver/Src/stm32l4xx_hal_gpio.c ****     /* Get current io position */
 188:Drivers/STM32L4xx_HAL_Driver/Src/stm32l4xx_hal_gpio.c ****     iocurrent = (GPIO_Init->Pin) & (1uL << position);
 189:Drivers/STM32L4xx_HAL_Driver/Src/stm32l4xx_hal_gpio.c **** 
 190:Drivers/STM32L4xx_HAL_Driver/Src/stm32l4xx_hal_gpio.c ****     if (iocurrent != 0x00u)
 191:Drivers/STM32L4xx_HAL_Driver/Src/stm32l4xx_hal_gpio.c ****     {
 192:Drivers/STM32L4xx_HAL_Driver/Src/stm32l4xx_hal_gpio.c ****       /*--------------------- GPIO Mode Configuration ------------------------*/
 193:Drivers/STM32L4xx_HAL_Driver/Src/stm32l4xx_hal_gpio.c ****       /* In case of Output or Alternate function mode selection */
 194:Drivers/STM32L4xx_HAL_Driver/Src/stm32l4xx_hal_gpio.c ****       if((GPIO_Init->Mode == GPIO_MODE_OUTPUT_PP) || (GPIO_Init->Mode == GPIO_MODE_AF_PP) ||
 195:Drivers/STM32L4xx_HAL_Driver/Src/stm32l4xx_hal_gpio.c ****          (GPIO_Init->Mode == GPIO_MODE_OUTPUT_OD) || (GPIO_Init->Mode == GPIO_MODE_AF_OD))
 196:Drivers/STM32L4xx_HAL_Driver/Src/stm32l4xx_hal_gpio.c ****       {
 197:Drivers/STM32L4xx_HAL_Driver/Src/stm32l4xx_hal_gpio.c ****         /* Check the Speed parameter */
 198:Drivers/STM32L4xx_HAL_Driver/Src/stm32l4xx_hal_gpio.c ****         assert_param(IS_GPIO_SPEED(GPIO_Init->Speed));
 199:Drivers/STM32L4xx_HAL_Driver/Src/stm32l4xx_hal_gpio.c ****         /* Configure the IO Speed */
 200:Drivers/STM32L4xx_HAL_Driver/Src/stm32l4xx_hal_gpio.c ****         temp = GPIOx->OSPEEDR;
  51              		.loc 1 200 0
  52 0008 8568     		ldr	r5, [r0, #8]
  53              	.LVL3:
 201:Drivers/STM32L4xx_HAL_Driver/Src/stm32l4xx_hal_gpio.c ****         temp &= ~(GPIO_OSPEEDR_OSPEED0 << (position * 2u));
  54              		.loc 1 201 0
  55 000a 4FEA430E 		lsl	lr, r3, #1
  56 000e 0327     		movs	r7, #3
  57 0010 07FA0EF7 		lsl	r7, r7, lr
  58 0014 25EA0705 		bic	r5, r5, r7
  59              	.LVL4:
 202:Drivers/STM32L4xx_HAL_Driver/Src/stm32l4xx_hal_gpio.c ****         temp |= (GPIO_Init->Speed << (position * 2u));
  60              		.loc 1 202 0
  61 0018 CE68     		ldr	r6, [r1, #12]
  62 001a 06FA0EF6 		lsl	r6, r6, lr
  63 001e 3543     		orrs	r5, r5, r6
  64              	.LVL5:
 203:Drivers/STM32L4xx_HAL_Driver/Src/stm32l4xx_hal_gpio.c ****         GPIOx->OSPEEDR = temp;
  65              		.loc 1 203 0
  66 0020 8560     		str	r5, [r0, #8]
 204:Drivers/STM32L4xx_HAL_Driver/Src/stm32l4xx_hal_gpio.c **** 
 205:Drivers/STM32L4xx_HAL_Driver/Src/stm32l4xx_hal_gpio.c ****         /* Configure the IO Output Type */
 206:Drivers/STM32L4xx_HAL_Driver/Src/stm32l4xx_hal_gpio.c ****         temp = GPIOx->OTYPER;
  67              		.loc 1 206 0
  68 0022 4568     		ldr	r5, [r0, #4]
  69              	.LVL6:
 207:Drivers/STM32L4xx_HAL_Driver/Src/stm32l4xx_hal_gpio.c ****         temp &= ~(GPIO_OTYPER_OT0 << position) ;
  70              		.loc 1 207 0
  71 0024 25EA0405 		bic	r5, r5, r4
  72              	.LVL7:
 208:Drivers/STM32L4xx_HAL_Driver/Src/stm32l4xx_hal_gpio.c ****         temp |= (((GPIO_Init->Mode & GPIO_OUTPUT_TYPE) >> 4u) << position);
  73              		.loc 1 208 0
  74 0028 4E68     		ldr	r6, [r1, #4]
  75 002a C6F30016 		ubfx	r6, r6, #4, #1
  76 002e 9E40     		lsls	r6, r6, r3
  77 0030 3543     		orrs	r5, r5, r6
  78              	.LVL8:
ARM GAS  /tmp/ccSApThk.s 			page 6


 209:Drivers/STM32L4xx_HAL_Driver/Src/stm32l4xx_hal_gpio.c ****         GPIOx->OTYPER = temp;
  79              		.loc 1 209 0
  80 0032 4560     		str	r5, [r0, #4]
  81              	.LVL9:
  82              	.L5:
 210:Drivers/STM32L4xx_HAL_Driver/Src/stm32l4xx_hal_gpio.c ****       }
 211:Drivers/STM32L4xx_HAL_Driver/Src/stm32l4xx_hal_gpio.c **** 
 212:Drivers/STM32L4xx_HAL_Driver/Src/stm32l4xx_hal_gpio.c **** #if defined(STM32L471xx) || defined(STM32L475xx) || defined(STM32L476xx) || defined(STM32L485xx) ||
 213:Drivers/STM32L4xx_HAL_Driver/Src/stm32l4xx_hal_gpio.c **** 
 214:Drivers/STM32L4xx_HAL_Driver/Src/stm32l4xx_hal_gpio.c ****       /* In case of Analog mode, check if ADC control mode is selected */
 215:Drivers/STM32L4xx_HAL_Driver/Src/stm32l4xx_hal_gpio.c ****       if((GPIO_Init->Mode & GPIO_MODE_ANALOG) == GPIO_MODE_ANALOG)
  83              		.loc 1 215 0
  84 0034 4D68     		ldr	r5, [r1, #4]
  85 0036 05F00306 		and	r6, r5, #3
  86 003a 032E     		cmp	r6, #3
  87 003c 00F09780 		beq	.L23
  88              	.L6:
 216:Drivers/STM32L4xx_HAL_Driver/Src/stm32l4xx_hal_gpio.c ****       {
 217:Drivers/STM32L4xx_HAL_Driver/Src/stm32l4xx_hal_gpio.c ****         /* Configure the IO Output Type */
 218:Drivers/STM32L4xx_HAL_Driver/Src/stm32l4xx_hal_gpio.c ****         temp = GPIOx->ASCR;
 219:Drivers/STM32L4xx_HAL_Driver/Src/stm32l4xx_hal_gpio.c ****         temp &= ~(GPIO_ASCR_ASC0 << position) ;
 220:Drivers/STM32L4xx_HAL_Driver/Src/stm32l4xx_hal_gpio.c ****         temp |= (((GPIO_Init->Mode & ANALOG_MODE) >> 3) << position);
 221:Drivers/STM32L4xx_HAL_Driver/Src/stm32l4xx_hal_gpio.c ****         GPIOx->ASCR = temp;
 222:Drivers/STM32L4xx_HAL_Driver/Src/stm32l4xx_hal_gpio.c ****       }
 223:Drivers/STM32L4xx_HAL_Driver/Src/stm32l4xx_hal_gpio.c **** 
 224:Drivers/STM32L4xx_HAL_Driver/Src/stm32l4xx_hal_gpio.c **** #endif /* STM32L471xx || STM32L475xx || STM32L476xx || STM32L485xx || STM32L486xx */
 225:Drivers/STM32L4xx_HAL_Driver/Src/stm32l4xx_hal_gpio.c **** 
 226:Drivers/STM32L4xx_HAL_Driver/Src/stm32l4xx_hal_gpio.c ****       /* Activate the Pull-up or Pull down resistor for the current IO */
 227:Drivers/STM32L4xx_HAL_Driver/Src/stm32l4xx_hal_gpio.c ****       temp = GPIOx->PUPDR;
  89              		.loc 1 227 0
  90 0040 C668     		ldr	r6, [r0, #12]
  91              	.LVL10:
 228:Drivers/STM32L4xx_HAL_Driver/Src/stm32l4xx_hal_gpio.c ****       temp &= ~(GPIO_PUPDR_PUPD0 << (position * 2u));
  92              		.loc 1 228 0
  93 0042 5F00     		lsls	r7, r3, #1
  94 0044 0324     		movs	r4, #3
  95 0046 BC40     		lsls	r4, r4, r7
  96 0048 E443     		mvns	r4, r4
  97 004a 2640     		ands	r6, r6, r4
  98              	.LVL11:
 229:Drivers/STM32L4xx_HAL_Driver/Src/stm32l4xx_hal_gpio.c ****       temp |= ((GPIO_Init->Pull) << (position * 2u));
  99              		.loc 1 229 0
 100 004c 8D68     		ldr	r5, [r1, #8]
 101 004e BD40     		lsls	r5, r5, r7
 102 0050 2E43     		orrs	r6, r6, r5
 103              	.LVL12:
 230:Drivers/STM32L4xx_HAL_Driver/Src/stm32l4xx_hal_gpio.c ****       GPIOx->PUPDR = temp;
 104              		.loc 1 230 0
 105 0052 C660     		str	r6, [r0, #12]
 231:Drivers/STM32L4xx_HAL_Driver/Src/stm32l4xx_hal_gpio.c **** 
 232:Drivers/STM32L4xx_HAL_Driver/Src/stm32l4xx_hal_gpio.c ****       /* In case of Alternate function mode selection */
 233:Drivers/STM32L4xx_HAL_Driver/Src/stm32l4xx_hal_gpio.c ****       if((GPIO_Init->Mode == GPIO_MODE_AF_PP) || (GPIO_Init->Mode == GPIO_MODE_AF_OD))
 106              		.loc 1 233 0
 107 0054 4D68     		ldr	r5, [r1, #4]
 108 0056 022D     		cmp	r5, #2
 109 0058 00F09280 		beq	.L7
 110              		.loc 1 233 0 is_stmt 0 discriminator 1
ARM GAS  /tmp/ccSApThk.s 			page 7


 111 005c 122D     		cmp	r5, #18
 112 005e 00F08F80 		beq	.L7
 113              	.LVL13:
 114              	.L8:
 234:Drivers/STM32L4xx_HAL_Driver/Src/stm32l4xx_hal_gpio.c ****       {
 235:Drivers/STM32L4xx_HAL_Driver/Src/stm32l4xx_hal_gpio.c ****         /* Check the Alternate function parameters */
 236:Drivers/STM32L4xx_HAL_Driver/Src/stm32l4xx_hal_gpio.c ****         assert_param(IS_GPIO_AF_INSTANCE(GPIOx));
 237:Drivers/STM32L4xx_HAL_Driver/Src/stm32l4xx_hal_gpio.c ****         assert_param(IS_GPIO_AF(GPIO_Init->Alternate));
 238:Drivers/STM32L4xx_HAL_Driver/Src/stm32l4xx_hal_gpio.c **** 
 239:Drivers/STM32L4xx_HAL_Driver/Src/stm32l4xx_hal_gpio.c ****         /* Configure Alternate function mapped with the current IO */
 240:Drivers/STM32L4xx_HAL_Driver/Src/stm32l4xx_hal_gpio.c ****         temp = GPIOx->AFR[position >> 3u];
 241:Drivers/STM32L4xx_HAL_Driver/Src/stm32l4xx_hal_gpio.c ****         temp &= ~(0xFu << ((position & 0x07u) * 4u));
 242:Drivers/STM32L4xx_HAL_Driver/Src/stm32l4xx_hal_gpio.c ****         temp |= ((GPIO_Init->Alternate) << ((position & 0x07u) * 4u));
 243:Drivers/STM32L4xx_HAL_Driver/Src/stm32l4xx_hal_gpio.c ****         GPIOx->AFR[position >> 3u] = temp;
 244:Drivers/STM32L4xx_HAL_Driver/Src/stm32l4xx_hal_gpio.c ****       }
 245:Drivers/STM32L4xx_HAL_Driver/Src/stm32l4xx_hal_gpio.c **** 
 246:Drivers/STM32L4xx_HAL_Driver/Src/stm32l4xx_hal_gpio.c ****       /* Configure IO Direction mode (Input, Output, Alternate or Analog) */
 247:Drivers/STM32L4xx_HAL_Driver/Src/stm32l4xx_hal_gpio.c ****       temp = GPIOx->MODER;
 115              		.loc 1 247 0 is_stmt 1
 116 0062 0568     		ldr	r5, [r0]
 117              	.LVL14:
 248:Drivers/STM32L4xx_HAL_Driver/Src/stm32l4xx_hal_gpio.c ****       temp &= ~(GPIO_MODER_MODE0 << (position * 2u));
 118              		.loc 1 248 0
 119 0064 2C40     		ands	r4, r4, r5
 120              	.LVL15:
 249:Drivers/STM32L4xx_HAL_Driver/Src/stm32l4xx_hal_gpio.c ****       temp |= ((GPIO_Init->Mode & GPIO_MODE) << (position * 2u));
 121              		.loc 1 249 0
 122 0066 4D68     		ldr	r5, [r1, #4]
 123 0068 05F00305 		and	r5, r5, #3
 124 006c BD40     		lsls	r5, r5, r7
 125 006e 2C43     		orrs	r4, r4, r5
 126              	.LVL16:
 250:Drivers/STM32L4xx_HAL_Driver/Src/stm32l4xx_hal_gpio.c ****       GPIOx->MODER = temp;
 127              		.loc 1 250 0
 128 0070 0460     		str	r4, [r0]
 251:Drivers/STM32L4xx_HAL_Driver/Src/stm32l4xx_hal_gpio.c **** 
 252:Drivers/STM32L4xx_HAL_Driver/Src/stm32l4xx_hal_gpio.c ****       /*--------------------- EXTI Mode Configuration ------------------------*/
 253:Drivers/STM32L4xx_HAL_Driver/Src/stm32l4xx_hal_gpio.c ****       /* Configure the External Interrupt or event for the current IO */
 254:Drivers/STM32L4xx_HAL_Driver/Src/stm32l4xx_hal_gpio.c ****       if((GPIO_Init->Mode & EXTI_MODE) == EXTI_MODE)
 129              		.loc 1 254 0
 130 0072 4C68     		ldr	r4, [r1, #4]
 131              	.LVL17:
 132 0074 14F0805F 		tst	r4, #268435456
 133 0078 64D0     		beq	.L3
 134              	.LBB2:
 255:Drivers/STM32L4xx_HAL_Driver/Src/stm32l4xx_hal_gpio.c ****       {
 256:Drivers/STM32L4xx_HAL_Driver/Src/stm32l4xx_hal_gpio.c ****         /* Enable SYSCFG Clock */
 257:Drivers/STM32L4xx_HAL_Driver/Src/stm32l4xx_hal_gpio.c ****         __HAL_RCC_SYSCFG_CLK_ENABLE();
 135              		.loc 1 257 0
 136 007a 544C     		ldr	r4, .L26
 137 007c 256E     		ldr	r5, [r4, #96]
 138 007e 45F00105 		orr	r5, r5, #1
 139 0082 2566     		str	r5, [r4, #96]
 140              	.LVL18:
 141 0084 246E     		ldr	r4, [r4, #96]
 142 0086 04F00104 		and	r4, r4, #1
 143 008a 0194     		str	r4, [sp, #4]
ARM GAS  /tmp/ccSApThk.s 			page 8


 144 008c 019C     		ldr	r4, [sp, #4]
 145              	.LBE2:
 258:Drivers/STM32L4xx_HAL_Driver/Src/stm32l4xx_hal_gpio.c **** 
 259:Drivers/STM32L4xx_HAL_Driver/Src/stm32l4xx_hal_gpio.c ****         temp = SYSCFG->EXTICR[position >> 2u];
 146              		.loc 1 259 0
 147 008e 9C08     		lsrs	r4, r3, #2
 148 0090 A61C     		adds	r6, r4, #2
 149 0092 4F4D     		ldr	r5, .L26+4
 150 0094 55F82650 		ldr	r5, [r5, r6, lsl #2]
 151              	.LVL19:
 260:Drivers/STM32L4xx_HAL_Driver/Src/stm32l4xx_hal_gpio.c ****         temp &= ~(0x0FuL << (4u * (position & 0x03u)));
 152              		.loc 1 260 0
 153 0098 03F00306 		and	r6, r3, #3
 154 009c B700     		lsls	r7, r6, #2
 155 009e 0F26     		movs	r6, #15
 156 00a0 BE40     		lsls	r6, r6, r7
 157 00a2 25EA0605 		bic	r5, r5, r6
 158              	.LVL20:
 261:Drivers/STM32L4xx_HAL_Driver/Src/stm32l4xx_hal_gpio.c ****         temp |= (GPIO_GET_INDEX(GPIOx) << (4u * (position & 0x03u)));
 159              		.loc 1 261 0
 160 00a6 B0F1904F 		cmp	r0, #1207959552
 161 00aa 00F08180 		beq	.L15
 162              		.loc 1 261 0 is_stmt 0 discriminator 1
 163 00ae 494E     		ldr	r6, .L26+8
 164 00b0 B042     		cmp	r0, r6
 165 00b2 7FD0     		beq	.L16
 166              		.loc 1 261 0 discriminator 3
 167 00b4 06F58066 		add	r6, r6, #1024
 168 00b8 B042     		cmp	r0, r6
 169 00ba 7DD0     		beq	.L17
 170              		.loc 1 261 0 discriminator 5
 171 00bc 06F58066 		add	r6, r6, #1024
 172 00c0 B042     		cmp	r0, r6
 173 00c2 7BD0     		beq	.L18
 174              		.loc 1 261 0 discriminator 7
 175 00c4 06F58066 		add	r6, r6, #1024
 176 00c8 B042     		cmp	r0, r6
 177 00ca 79D0     		beq	.L19
 178              		.loc 1 261 0 discriminator 9
 179 00cc 06F58066 		add	r6, r6, #1024
 180 00d0 B042     		cmp	r0, r6
 181 00d2 77D0     		beq	.L20
 182              		.loc 1 261 0 discriminator 11
 183 00d4 06F58066 		add	r6, r6, #1024
 184 00d8 B042     		cmp	r0, r6
 185 00da 67D0     		beq	.L24
 186              		.loc 1 261 0
 187 00dc 0726     		movs	r6, #7
 188              	.L9:
 189              		.loc 1 261 0 discriminator 28
 190 00de BE40     		lsls	r6, r6, r7
 191 00e0 3543     		orrs	r5, r5, r6
 192              	.LVL21:
 262:Drivers/STM32L4xx_HAL_Driver/Src/stm32l4xx_hal_gpio.c ****         SYSCFG->EXTICR[position >> 2u] = temp;
 193              		.loc 1 262 0 is_stmt 1 discriminator 28
 194 00e2 0234     		adds	r4, r4, #2
 195 00e4 3A4E     		ldr	r6, .L26+4
ARM GAS  /tmp/ccSApThk.s 			page 9


 196 00e6 46F82450 		str	r5, [r6, r4, lsl #2]
 263:Drivers/STM32L4xx_HAL_Driver/Src/stm32l4xx_hal_gpio.c **** 
 264:Drivers/STM32L4xx_HAL_Driver/Src/stm32l4xx_hal_gpio.c ****         /* Clear EXTI line configuration */
 265:Drivers/STM32L4xx_HAL_Driver/Src/stm32l4xx_hal_gpio.c ****         temp = EXTI->IMR1;
 197              		.loc 1 265 0 discriminator 28
 198 00ea 3B4C     		ldr	r4, .L26+12
 199 00ec 2568     		ldr	r5, [r4]
 200              	.LVL22:
 266:Drivers/STM32L4xx_HAL_Driver/Src/stm32l4xx_hal_gpio.c ****         temp &= ~(iocurrent);
 201              		.loc 1 266 0 discriminator 28
 202 00ee D443     		mvns	r4, r2
 203 00f0 05EA0406 		and	r6, r5, r4
 204              	.LVL23:
 267:Drivers/STM32L4xx_HAL_Driver/Src/stm32l4xx_hal_gpio.c ****         if((GPIO_Init->Mode & GPIO_MODE_IT) == GPIO_MODE_IT)
 205              		.loc 1 267 0 discriminator 28
 206 00f4 4F68     		ldr	r7, [r1, #4]
 207 00f6 17F4803F 		tst	r7, #65536
 208 00fa 01D0     		beq	.L10
 268:Drivers/STM32L4xx_HAL_Driver/Src/stm32l4xx_hal_gpio.c ****         {
 269:Drivers/STM32L4xx_HAL_Driver/Src/stm32l4xx_hal_gpio.c ****           temp |= iocurrent;
 209              		.loc 1 269 0
 210 00fc 42EA0506 		orr	r6, r2, r5
 211              	.LVL24:
 212              	.L10:
 270:Drivers/STM32L4xx_HAL_Driver/Src/stm32l4xx_hal_gpio.c ****         }
 271:Drivers/STM32L4xx_HAL_Driver/Src/stm32l4xx_hal_gpio.c ****         EXTI->IMR1 = temp;
 213              		.loc 1 271 0
 214 0100 354D     		ldr	r5, .L26+12
 215 0102 2E60     		str	r6, [r5]
 272:Drivers/STM32L4xx_HAL_Driver/Src/stm32l4xx_hal_gpio.c **** 
 273:Drivers/STM32L4xx_HAL_Driver/Src/stm32l4xx_hal_gpio.c ****         temp = EXTI->EMR1;
 216              		.loc 1 273 0
 217 0104 6D68     		ldr	r5, [r5, #4]
 218              	.LVL25:
 274:Drivers/STM32L4xx_HAL_Driver/Src/stm32l4xx_hal_gpio.c ****         temp &= ~(iocurrent);
 219              		.loc 1 274 0
 220 0106 04EA0506 		and	r6, r4, r5
 221              	.LVL26:
 275:Drivers/STM32L4xx_HAL_Driver/Src/stm32l4xx_hal_gpio.c ****         if((GPIO_Init->Mode & GPIO_MODE_EVT) == GPIO_MODE_EVT)
 222              		.loc 1 275 0
 223 010a 4F68     		ldr	r7, [r1, #4]
 224 010c 17F4003F 		tst	r7, #131072
 225 0110 01D0     		beq	.L11
 276:Drivers/STM32L4xx_HAL_Driver/Src/stm32l4xx_hal_gpio.c ****         {
 277:Drivers/STM32L4xx_HAL_Driver/Src/stm32l4xx_hal_gpio.c ****           temp |= iocurrent;
 226              		.loc 1 277 0
 227 0112 42EA0506 		orr	r6, r2, r5
 228              	.LVL27:
 229              	.L11:
 278:Drivers/STM32L4xx_HAL_Driver/Src/stm32l4xx_hal_gpio.c ****         }
 279:Drivers/STM32L4xx_HAL_Driver/Src/stm32l4xx_hal_gpio.c ****         EXTI->EMR1 = temp;
 230              		.loc 1 279 0
 231 0116 304D     		ldr	r5, .L26+12
 232 0118 6E60     		str	r6, [r5, #4]
 280:Drivers/STM32L4xx_HAL_Driver/Src/stm32l4xx_hal_gpio.c **** 
 281:Drivers/STM32L4xx_HAL_Driver/Src/stm32l4xx_hal_gpio.c ****         /* Clear Rising Falling edge configuration */
 282:Drivers/STM32L4xx_HAL_Driver/Src/stm32l4xx_hal_gpio.c ****         temp = EXTI->RTSR1;
ARM GAS  /tmp/ccSApThk.s 			page 10


 233              		.loc 1 282 0
 234 011a AD68     		ldr	r5, [r5, #8]
 235              	.LVL28:
 283:Drivers/STM32L4xx_HAL_Driver/Src/stm32l4xx_hal_gpio.c ****         temp &= ~(iocurrent);
 236              		.loc 1 283 0
 237 011c 04EA0506 		and	r6, r4, r5
 238              	.LVL29:
 284:Drivers/STM32L4xx_HAL_Driver/Src/stm32l4xx_hal_gpio.c ****         if((GPIO_Init->Mode & RISING_EDGE) == RISING_EDGE)
 239              		.loc 1 284 0
 240 0120 4F68     		ldr	r7, [r1, #4]
 241 0122 17F4801F 		tst	r7, #1048576
 242 0126 01D0     		beq	.L12
 285:Drivers/STM32L4xx_HAL_Driver/Src/stm32l4xx_hal_gpio.c ****         {
 286:Drivers/STM32L4xx_HAL_Driver/Src/stm32l4xx_hal_gpio.c ****           temp |= iocurrent;
 243              		.loc 1 286 0
 244 0128 42EA0506 		orr	r6, r2, r5
 245              	.LVL30:
 246              	.L12:
 287:Drivers/STM32L4xx_HAL_Driver/Src/stm32l4xx_hal_gpio.c ****         }
 288:Drivers/STM32L4xx_HAL_Driver/Src/stm32l4xx_hal_gpio.c ****         EXTI->RTSR1 = temp;
 247              		.loc 1 288 0
 248 012c 2A4D     		ldr	r5, .L26+12
 249 012e AE60     		str	r6, [r5, #8]
 289:Drivers/STM32L4xx_HAL_Driver/Src/stm32l4xx_hal_gpio.c **** 
 290:Drivers/STM32L4xx_HAL_Driver/Src/stm32l4xx_hal_gpio.c ****         temp = EXTI->FTSR1;
 250              		.loc 1 290 0
 251 0130 ED68     		ldr	r5, [r5, #12]
 252              	.LVL31:
 291:Drivers/STM32L4xx_HAL_Driver/Src/stm32l4xx_hal_gpio.c ****         temp &= ~(iocurrent);
 253              		.loc 1 291 0
 254 0132 2C40     		ands	r4, r4, r5
 255              	.LVL32:
 292:Drivers/STM32L4xx_HAL_Driver/Src/stm32l4xx_hal_gpio.c ****         if((GPIO_Init->Mode & FALLING_EDGE) == FALLING_EDGE)
 256              		.loc 1 292 0
 257 0134 4E68     		ldr	r6, [r1, #4]
 258 0136 16F4001F 		tst	r6, #2097152
 259 013a 01D0     		beq	.L13
 293:Drivers/STM32L4xx_HAL_Driver/Src/stm32l4xx_hal_gpio.c ****         {
 294:Drivers/STM32L4xx_HAL_Driver/Src/stm32l4xx_hal_gpio.c ****           temp |= iocurrent;
 260              		.loc 1 294 0
 261 013c 42EA0504 		orr	r4, r2, r5
 262              	.LVL33:
 263              	.L13:
 295:Drivers/STM32L4xx_HAL_Driver/Src/stm32l4xx_hal_gpio.c ****         }
 296:Drivers/STM32L4xx_HAL_Driver/Src/stm32l4xx_hal_gpio.c ****         EXTI->FTSR1 = temp;
 264              		.loc 1 296 0
 265 0140 254A     		ldr	r2, .L26+12
 266              	.LVL34:
 267 0142 D460     		str	r4, [r2, #12]
 268              	.LVL35:
 269              	.L3:
 297:Drivers/STM32L4xx_HAL_Driver/Src/stm32l4xx_hal_gpio.c ****       }
 298:Drivers/STM32L4xx_HAL_Driver/Src/stm32l4xx_hal_gpio.c ****     }
 299:Drivers/STM32L4xx_HAL_Driver/Src/stm32l4xx_hal_gpio.c **** 
 300:Drivers/STM32L4xx_HAL_Driver/Src/stm32l4xx_hal_gpio.c ****     position++;
 270              		.loc 1 300 0
 271 0144 0133     		adds	r3, r3, #1
ARM GAS  /tmp/ccSApThk.s 			page 11


 272              	.LVL36:
 273              	.L2:
 185:Drivers/STM32L4xx_HAL_Driver/Src/stm32l4xx_hal_gpio.c ****   {
 274              		.loc 1 185 0
 275 0146 0A68     		ldr	r2, [r1]
 276 0148 32FA03F4 		lsrs	r4, r2, r3
 277 014c 3CD0     		beq	.L25
 188:Drivers/STM32L4xx_HAL_Driver/Src/stm32l4xx_hal_gpio.c **** 
 278              		.loc 1 188 0
 279 014e 0124     		movs	r4, #1
 280 0150 9C40     		lsls	r4, r4, r3
 281              	.LVL37:
 190:Drivers/STM32L4xx_HAL_Driver/Src/stm32l4xx_hal_gpio.c ****     {
 282              		.loc 1 190 0
 283 0152 2240     		ands	r2, r2, r4
 284              	.LVL38:
 285 0154 F6D0     		beq	.L3
 194:Drivers/STM32L4xx_HAL_Driver/Src/stm32l4xx_hal_gpio.c ****          (GPIO_Init->Mode == GPIO_MODE_OUTPUT_OD) || (GPIO_Init->Mode == GPIO_MODE_AF_OD))
 286              		.loc 1 194 0
 287 0156 4D68     		ldr	r5, [r1, #4]
 288 0158 6E1E     		subs	r6, r5, #1
 289 015a 012E     		cmp	r6, #1
 290 015c 7FF654AF 		bls	.L4
 194:Drivers/STM32L4xx_HAL_Driver/Src/stm32l4xx_hal_gpio.c ****          (GPIO_Init->Mode == GPIO_MODE_OUTPUT_OD) || (GPIO_Init->Mode == GPIO_MODE_AF_OD))
 291              		.loc 1 194 0 is_stmt 0 discriminator 1
 292 0160 112D     		cmp	r5, #17
 293 0162 3FF451AF 		beq	.L4
 195:Drivers/STM32L4xx_HAL_Driver/Src/stm32l4xx_hal_gpio.c ****       {
 294              		.loc 1 195 0 is_stmt 1
 295 0166 122D     		cmp	r5, #18
 296 0168 7FF464AF 		bne	.L5
 297 016c 4CE7     		b	.L4
 298              	.L23:
 218:Drivers/STM32L4xx_HAL_Driver/Src/stm32l4xx_hal_gpio.c ****         temp &= ~(GPIO_ASCR_ASC0 << position) ;
 299              		.loc 1 218 0
 300 016e C66A     		ldr	r6, [r0, #44]
 301              	.LVL39:
 219:Drivers/STM32L4xx_HAL_Driver/Src/stm32l4xx_hal_gpio.c ****         temp |= (((GPIO_Init->Mode & ANALOG_MODE) >> 3) << position);
 302              		.loc 1 219 0
 303 0170 26EA0404 		bic	r4, r6, r4
 304              	.LVL40:
 220:Drivers/STM32L4xx_HAL_Driver/Src/stm32l4xx_hal_gpio.c ****         GPIOx->ASCR = temp;
 305              		.loc 1 220 0
 306 0174 C5F3C005 		ubfx	r5, r5, #3, #1
 307 0178 9D40     		lsls	r5, r5, r3
 308 017a 2543     		orrs	r5, r5, r4
 309              	.LVL41:
 221:Drivers/STM32L4xx_HAL_Driver/Src/stm32l4xx_hal_gpio.c ****       }
 310              		.loc 1 221 0
 311 017c C562     		str	r5, [r0, #44]
 312 017e 5FE7     		b	.L6
 313              	.LVL42:
 314              	.L7:
 240:Drivers/STM32L4xx_HAL_Driver/Src/stm32l4xx_hal_gpio.c ****         temp &= ~(0xFu << ((position & 0x07u) * 4u));
 315              		.loc 1 240 0
 316 0180 4FEAD30C 		lsr	ip, r3, #3
 317 0184 0CF1080C 		add	ip, ip, #8
ARM GAS  /tmp/ccSApThk.s 			page 12


 318 0188 50F82C50 		ldr	r5, [r0, ip, lsl #2]
 319              	.LVL43:
 241:Drivers/STM32L4xx_HAL_Driver/Src/stm32l4xx_hal_gpio.c ****         temp |= ((GPIO_Init->Alternate) << ((position & 0x07u) * 4u));
 320              		.loc 1 241 0
 321 018c 03F0070E 		and	lr, r3, #7
 322 0190 4FEA8E0E 		lsl	lr, lr, #2
 323 0194 0F26     		movs	r6, #15
 324 0196 06FA0EF6 		lsl	r6, r6, lr
 325 019a 25EA0605 		bic	r5, r5, r6
 326              	.LVL44:
 242:Drivers/STM32L4xx_HAL_Driver/Src/stm32l4xx_hal_gpio.c ****         GPIOx->AFR[position >> 3u] = temp;
 327              		.loc 1 242 0
 328 019e 0E69     		ldr	r6, [r1, #16]
 329 01a0 06FA0EF6 		lsl	r6, r6, lr
 330 01a4 3543     		orrs	r5, r5, r6
 331              	.LVL45:
 243:Drivers/STM32L4xx_HAL_Driver/Src/stm32l4xx_hal_gpio.c ****       }
 332              		.loc 1 243 0
 333 01a6 40F82C50 		str	r5, [r0, ip, lsl #2]
 334 01aa 5AE7     		b	.L8
 335              	.L24:
 261:Drivers/STM32L4xx_HAL_Driver/Src/stm32l4xx_hal_gpio.c ****         SYSCFG->EXTICR[position >> 2u] = temp;
 336              		.loc 1 261 0
 337 01ac 0626     		movs	r6, #6
 338 01ae 96E7     		b	.L9
 339              	.L15:
 340 01b0 0026     		movs	r6, #0
 341 01b2 94E7     		b	.L9
 342              	.L16:
 343 01b4 0126     		movs	r6, #1
 344 01b6 92E7     		b	.L9
 345              	.L17:
 346 01b8 0226     		movs	r6, #2
 347 01ba 90E7     		b	.L9
 348              	.L18:
 349 01bc 0326     		movs	r6, #3
 350 01be 8EE7     		b	.L9
 351              	.L19:
 352 01c0 0426     		movs	r6, #4
 353 01c2 8CE7     		b	.L9
 354              	.L20:
 355 01c4 0526     		movs	r6, #5
 356 01c6 8AE7     		b	.L9
 357              	.LVL46:
 358              	.L25:
 301:Drivers/STM32L4xx_HAL_Driver/Src/stm32l4xx_hal_gpio.c ****   }
 302:Drivers/STM32L4xx_HAL_Driver/Src/stm32l4xx_hal_gpio.c **** }
 359              		.loc 1 302 0
 360 01c8 03B0     		add	sp, sp, #12
 361              	.LCFI2:
 362              		.cfi_def_cfa_offset 20
 363              		@ sp needed
 364 01ca F0BD     		pop	{r4, r5, r6, r7, pc}
 365              	.L27:
 366              		.align	2
 367              	.L26:
 368 01cc 00100240 		.word	1073876992
ARM GAS  /tmp/ccSApThk.s 			page 13


 369 01d0 00000140 		.word	1073807360
 370 01d4 00040048 		.word	1207960576
 371 01d8 00040140 		.word	1073808384
 372              		.cfi_endproc
 373              	.LFE130:
 375              		.section	.text.HAL_GPIO_DeInit,"ax",%progbits
 376              		.align	1
 377              		.global	HAL_GPIO_DeInit
 378              		.syntax unified
 379              		.thumb
 380              		.thumb_func
 381              		.fpu fpv4-sp-d16
 383              	HAL_GPIO_DeInit:
 384              	.LFB131:
 303:Drivers/STM32L4xx_HAL_Driver/Src/stm32l4xx_hal_gpio.c **** 
 304:Drivers/STM32L4xx_HAL_Driver/Src/stm32l4xx_hal_gpio.c **** /**
 305:Drivers/STM32L4xx_HAL_Driver/Src/stm32l4xx_hal_gpio.c ****   * @brief  De-initialize the GPIOx peripheral registers to their default reset values.
 306:Drivers/STM32L4xx_HAL_Driver/Src/stm32l4xx_hal_gpio.c ****   * @param  GPIOx where x can be (A..H) to select the GPIO peripheral for STM32L4 family
 307:Drivers/STM32L4xx_HAL_Driver/Src/stm32l4xx_hal_gpio.c ****   * @param  GPIO_Pin specifies the port bit to be written.
 308:Drivers/STM32L4xx_HAL_Driver/Src/stm32l4xx_hal_gpio.c ****   *         This parameter can be any combination of GPIO_Pin_x where x can be (0..15).
 309:Drivers/STM32L4xx_HAL_Driver/Src/stm32l4xx_hal_gpio.c ****   * @retval None
 310:Drivers/STM32L4xx_HAL_Driver/Src/stm32l4xx_hal_gpio.c ****   */
 311:Drivers/STM32L4xx_HAL_Driver/Src/stm32l4xx_hal_gpio.c **** void HAL_GPIO_DeInit(GPIO_TypeDef  *GPIOx, uint32_t GPIO_Pin)
 312:Drivers/STM32L4xx_HAL_Driver/Src/stm32l4xx_hal_gpio.c **** {
 385              		.loc 1 312 0
 386              		.cfi_startproc
 387              		@ args = 0, pretend = 0, frame = 0
 388              		@ frame_needed = 0, uses_anonymous_args = 0
 389              	.LVL47:
 313:Drivers/STM32L4xx_HAL_Driver/Src/stm32l4xx_hal_gpio.c ****   uint32_t position = 0x00u;
 390              		.loc 1 313 0
 391 0000 0022     		movs	r2, #0
 392              	.LVL48:
 314:Drivers/STM32L4xx_HAL_Driver/Src/stm32l4xx_hal_gpio.c ****   uint32_t iocurrent;
 315:Drivers/STM32L4xx_HAL_Driver/Src/stm32l4xx_hal_gpio.c ****   uint32_t tmp;
 316:Drivers/STM32L4xx_HAL_Driver/Src/stm32l4xx_hal_gpio.c **** 
 317:Drivers/STM32L4xx_HAL_Driver/Src/stm32l4xx_hal_gpio.c ****   /* Check the parameters */
 318:Drivers/STM32L4xx_HAL_Driver/Src/stm32l4xx_hal_gpio.c ****   assert_param(IS_GPIO_ALL_INSTANCE(GPIOx));
 319:Drivers/STM32L4xx_HAL_Driver/Src/stm32l4xx_hal_gpio.c ****   assert_param(IS_GPIO_PIN(GPIO_Pin));
 320:Drivers/STM32L4xx_HAL_Driver/Src/stm32l4xx_hal_gpio.c **** 
 321:Drivers/STM32L4xx_HAL_Driver/Src/stm32l4xx_hal_gpio.c ****   /* Configure the port pins */
 322:Drivers/STM32L4xx_HAL_Driver/Src/stm32l4xx_hal_gpio.c ****   while ((GPIO_Pin >> position) != 0x00u)
 393              		.loc 1 322 0
 394 0002 31FA02F3 		lsrs	r3, r1, r2
 395 0006 00F08680 		beq	.L44
 312:Drivers/STM32L4xx_HAL_Driver/Src/stm32l4xx_hal_gpio.c ****   uint32_t position = 0x00u;
 396              		.loc 1 312 0
 397 000a F0B5     		push	{r4, r5, r6, r7, lr}
 398              	.LCFI3:
 399              		.cfi_def_cfa_offset 20
 400              		.cfi_offset 4, -20
 401              		.cfi_offset 5, -16
 402              		.cfi_offset 6, -12
 403              		.cfi_offset 7, -8
 404              		.cfi_offset 14, -4
 405 000c 2FE0     		b	.L33
 406              	.LVL49:
ARM GAS  /tmp/ccSApThk.s 			page 14


 407              	.L47:
 323:Drivers/STM32L4xx_HAL_Driver/Src/stm32l4xx_hal_gpio.c ****   {
 324:Drivers/STM32L4xx_HAL_Driver/Src/stm32l4xx_hal_gpio.c ****     /* Get current io position */
 325:Drivers/STM32L4xx_HAL_Driver/Src/stm32l4xx_hal_gpio.c ****     iocurrent = (GPIO_Pin) & (1uL << position);
 326:Drivers/STM32L4xx_HAL_Driver/Src/stm32l4xx_hal_gpio.c **** 
 327:Drivers/STM32L4xx_HAL_Driver/Src/stm32l4xx_hal_gpio.c ****     if (iocurrent != 0x00u)
 328:Drivers/STM32L4xx_HAL_Driver/Src/stm32l4xx_hal_gpio.c ****     {
 329:Drivers/STM32L4xx_HAL_Driver/Src/stm32l4xx_hal_gpio.c ****       /*------------------------- EXTI Mode Configuration --------------------*/
 330:Drivers/STM32L4xx_HAL_Driver/Src/stm32l4xx_hal_gpio.c ****       /* Clear the External Interrupt or Event for the current IO */
 331:Drivers/STM32L4xx_HAL_Driver/Src/stm32l4xx_hal_gpio.c **** 
 332:Drivers/STM32L4xx_HAL_Driver/Src/stm32l4xx_hal_gpio.c ****       tmp = SYSCFG->EXTICR[position >> 2u];
 333:Drivers/STM32L4xx_HAL_Driver/Src/stm32l4xx_hal_gpio.c ****       tmp &= (0x0FuL << (4u * (position & 0x03u)));
 334:Drivers/STM32L4xx_HAL_Driver/Src/stm32l4xx_hal_gpio.c ****       if (tmp == (GPIO_GET_INDEX(GPIOx) << (4u * (position & 0x03u))))
 408              		.loc 1 334 0
 409 000e 0626     		movs	r6, #6
 410 0010 00E0     		b	.L31
 411              	.L34:
 412 0012 0026     		movs	r6, #0
 413              	.L31:
 414              		.loc 1 334 0 is_stmt 0 discriminator 28
 415 0014 06FA04F4 		lsl	r4, r6, r4
 416 0018 A542     		cmp	r5, r4
 417 001a 62D0     		beq	.L45
 418              	.LVL50:
 419              	.L32:
 335:Drivers/STM32L4xx_HAL_Driver/Src/stm32l4xx_hal_gpio.c ****       {
 336:Drivers/STM32L4xx_HAL_Driver/Src/stm32l4xx_hal_gpio.c ****         /* Clear EXTI line configuration */
 337:Drivers/STM32L4xx_HAL_Driver/Src/stm32l4xx_hal_gpio.c ****         EXTI->IMR1 &= ~(iocurrent);
 338:Drivers/STM32L4xx_HAL_Driver/Src/stm32l4xx_hal_gpio.c ****         EXTI->EMR1 &= ~(iocurrent);
 339:Drivers/STM32L4xx_HAL_Driver/Src/stm32l4xx_hal_gpio.c **** 
 340:Drivers/STM32L4xx_HAL_Driver/Src/stm32l4xx_hal_gpio.c ****         /* Clear Rising Falling edge configuration */
 341:Drivers/STM32L4xx_HAL_Driver/Src/stm32l4xx_hal_gpio.c ****         EXTI->RTSR1 &= ~(iocurrent);
 342:Drivers/STM32L4xx_HAL_Driver/Src/stm32l4xx_hal_gpio.c ****         EXTI->FTSR1 &= ~(iocurrent);
 343:Drivers/STM32L4xx_HAL_Driver/Src/stm32l4xx_hal_gpio.c **** 
 344:Drivers/STM32L4xx_HAL_Driver/Src/stm32l4xx_hal_gpio.c ****         tmp = 0x0FuL << (4u * (position & 0x03u));
 345:Drivers/STM32L4xx_HAL_Driver/Src/stm32l4xx_hal_gpio.c ****         SYSCFG->EXTICR[position >> 2u] &= ~tmp;
 346:Drivers/STM32L4xx_HAL_Driver/Src/stm32l4xx_hal_gpio.c ****       }
 347:Drivers/STM32L4xx_HAL_Driver/Src/stm32l4xx_hal_gpio.c **** 
 348:Drivers/STM32L4xx_HAL_Driver/Src/stm32l4xx_hal_gpio.c ****       /*------------------------- GPIO Mode Configuration --------------------*/
 349:Drivers/STM32L4xx_HAL_Driver/Src/stm32l4xx_hal_gpio.c ****       /* Configure IO in Analog Mode */
 350:Drivers/STM32L4xx_HAL_Driver/Src/stm32l4xx_hal_gpio.c ****       GPIOx->MODER |= (GPIO_MODER_MODE0 << (position * 2u));
 420              		.loc 1 350 0 is_stmt 1
 421 001c 0568     		ldr	r5, [r0]
 422 001e 5400     		lsls	r4, r2, #1
 423 0020 0326     		movs	r6, #3
 424 0022 06FA04F4 		lsl	r4, r6, r4
 425 0026 2543     		orrs	r5, r5, r4
 426 0028 0560     		str	r5, [r0]
 351:Drivers/STM32L4xx_HAL_Driver/Src/stm32l4xx_hal_gpio.c **** 
 352:Drivers/STM32L4xx_HAL_Driver/Src/stm32l4xx_hal_gpio.c ****       /* Configure the default Alternate Function in current IO */
 353:Drivers/STM32L4xx_HAL_Driver/Src/stm32l4xx_hal_gpio.c ****       GPIOx->AFR[position >> 3u] &= ~(0xFu << ((position & 0x07u) * 4u)) ;
 427              		.loc 1 353 0
 428 002a 22FA06F5 		lsr	r5, r2, r6
 429 002e 0835     		adds	r5, r5, #8
 430 0030 50F82560 		ldr	r6, [r0, r5, lsl #2]
 431 0034 02F00707 		and	r7, r2, #7
 432 0038 4FEA870E 		lsl	lr, r7, #2
ARM GAS  /tmp/ccSApThk.s 			page 15


 433 003c 0F27     		movs	r7, #15
 434 003e 07FA0EF7 		lsl	r7, r7, lr
 435 0042 26EA0706 		bic	r6, r6, r7
 436 0046 40F82560 		str	r6, [r0, r5, lsl #2]
 354:Drivers/STM32L4xx_HAL_Driver/Src/stm32l4xx_hal_gpio.c **** 
 355:Drivers/STM32L4xx_HAL_Driver/Src/stm32l4xx_hal_gpio.c ****       /* Configure the default value for IO Speed */
 356:Drivers/STM32L4xx_HAL_Driver/Src/stm32l4xx_hal_gpio.c ****       GPIOx->OSPEEDR &= ~(GPIO_OSPEEDR_OSPEED0 << (position * 2u));
 437              		.loc 1 356 0
 438 004a 8568     		ldr	r5, [r0, #8]
 439 004c E443     		mvns	r4, r4
 440 004e 2540     		ands	r5, r5, r4
 441 0050 8560     		str	r5, [r0, #8]
 357:Drivers/STM32L4xx_HAL_Driver/Src/stm32l4xx_hal_gpio.c **** 
 358:Drivers/STM32L4xx_HAL_Driver/Src/stm32l4xx_hal_gpio.c ****       /* Configure the default value IO Output Type */
 359:Drivers/STM32L4xx_HAL_Driver/Src/stm32l4xx_hal_gpio.c ****       GPIOx->OTYPER  &= ~(GPIO_OTYPER_OT0 << position) ;
 442              		.loc 1 359 0
 443 0052 4568     		ldr	r5, [r0, #4]
 444 0054 DB43     		mvns	r3, r3
 445              	.LVL51:
 446 0056 1D40     		ands	r5, r5, r3
 447 0058 4560     		str	r5, [r0, #4]
 360:Drivers/STM32L4xx_HAL_Driver/Src/stm32l4xx_hal_gpio.c **** 
 361:Drivers/STM32L4xx_HAL_Driver/Src/stm32l4xx_hal_gpio.c ****       /* Deactivate the Pull-up and Pull-down resistor for the current IO */
 362:Drivers/STM32L4xx_HAL_Driver/Src/stm32l4xx_hal_gpio.c ****       GPIOx->PUPDR &= ~(GPIO_PUPDR_PUPD0 << (position * 2u));
 448              		.loc 1 362 0
 449 005a C568     		ldr	r5, [r0, #12]
 450 005c 2C40     		ands	r4, r4, r5
 451 005e C460     		str	r4, [r0, #12]
 363:Drivers/STM32L4xx_HAL_Driver/Src/stm32l4xx_hal_gpio.c **** 
 364:Drivers/STM32L4xx_HAL_Driver/Src/stm32l4xx_hal_gpio.c **** #if defined(STM32L471xx) || defined(STM32L475xx) || defined(STM32L476xx) || defined(STM32L485xx) ||
 365:Drivers/STM32L4xx_HAL_Driver/Src/stm32l4xx_hal_gpio.c ****       /* Deactivate the Control bit of Analog mode for the current IO */
 366:Drivers/STM32L4xx_HAL_Driver/Src/stm32l4xx_hal_gpio.c ****       GPIOx->ASCR &= ~(GPIO_ASCR_ASC0<< position);
 452              		.loc 1 366 0
 453 0060 C46A     		ldr	r4, [r0, #44]
 454 0062 2340     		ands	r3, r3, r4
 455              	.LVL52:
 456 0064 C362     		str	r3, [r0, #44]
 457              	.L30:
 367:Drivers/STM32L4xx_HAL_Driver/Src/stm32l4xx_hal_gpio.c **** #endif /* STM32L471xx || STM32L475xx || STM32L476xx || STM32L485xx || STM32L486xx */
 368:Drivers/STM32L4xx_HAL_Driver/Src/stm32l4xx_hal_gpio.c ****     }
 369:Drivers/STM32L4xx_HAL_Driver/Src/stm32l4xx_hal_gpio.c **** 
 370:Drivers/STM32L4xx_HAL_Driver/Src/stm32l4xx_hal_gpio.c ****     position++;
 458              		.loc 1 370 0
 459 0066 0132     		adds	r2, r2, #1
 460              	.LVL53:
 322:Drivers/STM32L4xx_HAL_Driver/Src/stm32l4xx_hal_gpio.c ****   {
 461              		.loc 1 322 0
 462 0068 31FA02F3 		lsrs	r3, r1, r2
 463 006c 52D0     		beq	.L46
 464              	.LVL54:
 465              	.L33:
 325:Drivers/STM32L4xx_HAL_Driver/Src/stm32l4xx_hal_gpio.c **** 
 466              		.loc 1 325 0
 467 006e 0123     		movs	r3, #1
 468 0070 9340     		lsls	r3, r3, r2
 469              	.LVL55:
 327:Drivers/STM32L4xx_HAL_Driver/Src/stm32l4xx_hal_gpio.c ****     {
ARM GAS  /tmp/ccSApThk.s 			page 16


 470              		.loc 1 327 0
 471 0072 11EA0307 		ands	r7, r1, r3
 472              	.LVL56:
 473 0076 F6D0     		beq	.L30
 332:Drivers/STM32L4xx_HAL_Driver/Src/stm32l4xx_hal_gpio.c ****       tmp &= (0x0FuL << (4u * (position & 0x03u)));
 474              		.loc 1 332 0
 475 0078 4FEA920E 		lsr	lr, r2, #2
 476 007c 0EF10205 		add	r5, lr, #2
 477 0080 254C     		ldr	r4, .L48
 478 0082 54F82550 		ldr	r5, [r4, r5, lsl #2]
 479              	.LVL57:
 333:Drivers/STM32L4xx_HAL_Driver/Src/stm32l4xx_hal_gpio.c ****       if (tmp == (GPIO_GET_INDEX(GPIOx) << (4u * (position & 0x03u))))
 480              		.loc 1 333 0
 481 0086 02F00304 		and	r4, r2, #3
 482 008a A400     		lsls	r4, r4, #2
 483 008c 0F26     		movs	r6, #15
 484 008e 06FA04FC 		lsl	ip, r6, r4
 485 0092 05EA0C05 		and	r5, r5, ip
 486              	.LVL58:
 334:Drivers/STM32L4xx_HAL_Driver/Src/stm32l4xx_hal_gpio.c ****       {
 487              		.loc 1 334 0
 488 0096 B0F1904F 		cmp	r0, #1207959552
 489 009a BAD0     		beq	.L34
 334:Drivers/STM32L4xx_HAL_Driver/Src/stm32l4xx_hal_gpio.c ****       {
 490              		.loc 1 334 0 is_stmt 0 discriminator 1
 491 009c 1F4E     		ldr	r6, .L48+4
 492 009e B042     		cmp	r0, r6
 493 00a0 15D0     		beq	.L35
 334:Drivers/STM32L4xx_HAL_Driver/Src/stm32l4xx_hal_gpio.c ****       {
 494              		.loc 1 334 0 discriminator 3
 495 00a2 06F58066 		add	r6, r6, #1024
 496 00a6 B042     		cmp	r0, r6
 497 00a8 13D0     		beq	.L36
 334:Drivers/STM32L4xx_HAL_Driver/Src/stm32l4xx_hal_gpio.c ****       {
 498              		.loc 1 334 0 discriminator 5
 499 00aa 06F58066 		add	r6, r6, #1024
 500 00ae B042     		cmp	r0, r6
 501 00b0 11D0     		beq	.L37
 334:Drivers/STM32L4xx_HAL_Driver/Src/stm32l4xx_hal_gpio.c ****       {
 502              		.loc 1 334 0 discriminator 7
 503 00b2 06F58066 		add	r6, r6, #1024
 504 00b6 B042     		cmp	r0, r6
 505 00b8 0FD0     		beq	.L38
 334:Drivers/STM32L4xx_HAL_Driver/Src/stm32l4xx_hal_gpio.c ****       {
 506              		.loc 1 334 0 discriminator 9
 507 00ba 06F58066 		add	r6, r6, #1024
 508 00be B042     		cmp	r0, r6
 509 00c0 0DD0     		beq	.L39
 334:Drivers/STM32L4xx_HAL_Driver/Src/stm32l4xx_hal_gpio.c ****       {
 510              		.loc 1 334 0 discriminator 11
 511 00c2 06F58066 		add	r6, r6, #1024
 512 00c6 B042     		cmp	r0, r6
 513 00c8 A1D0     		beq	.L47
 334:Drivers/STM32L4xx_HAL_Driver/Src/stm32l4xx_hal_gpio.c ****       {
 514              		.loc 1 334 0
 515 00ca 0726     		movs	r6, #7
 516 00cc A2E7     		b	.L31
ARM GAS  /tmp/ccSApThk.s 			page 17


 517              	.L35:
 518 00ce 0126     		movs	r6, #1
 519 00d0 A0E7     		b	.L31
 520              	.L36:
 521 00d2 0226     		movs	r6, #2
 522 00d4 9EE7     		b	.L31
 523              	.L37:
 524 00d6 0326     		movs	r6, #3
 525 00d8 9CE7     		b	.L31
 526              	.L38:
 527 00da 0426     		movs	r6, #4
 528 00dc 9AE7     		b	.L31
 529              	.L39:
 530 00de 0526     		movs	r6, #5
 531 00e0 98E7     		b	.L31
 532              	.L45:
 337:Drivers/STM32L4xx_HAL_Driver/Src/stm32l4xx_hal_gpio.c ****         EXTI->EMR1 &= ~(iocurrent);
 533              		.loc 1 337 0 is_stmt 1
 534 00e2 0F4D     		ldr	r5, .L48+8
 535              	.LVL59:
 536 00e4 2C68     		ldr	r4, [r5]
 537 00e6 FF43     		mvns	r7, r7
 538              	.LVL60:
 539 00e8 3C40     		ands	r4, r4, r7
 540 00ea 2C60     		str	r4, [r5]
 338:Drivers/STM32L4xx_HAL_Driver/Src/stm32l4xx_hal_gpio.c **** 
 541              		.loc 1 338 0
 542 00ec 6C68     		ldr	r4, [r5, #4]
 543 00ee 3C40     		ands	r4, r4, r7
 544 00f0 6C60     		str	r4, [r5, #4]
 341:Drivers/STM32L4xx_HAL_Driver/Src/stm32l4xx_hal_gpio.c ****         EXTI->FTSR1 &= ~(iocurrent);
 545              		.loc 1 341 0
 546 00f2 AC68     		ldr	r4, [r5, #8]
 547 00f4 3C40     		ands	r4, r4, r7
 548 00f6 AC60     		str	r4, [r5, #8]
 342:Drivers/STM32L4xx_HAL_Driver/Src/stm32l4xx_hal_gpio.c **** 
 549              		.loc 1 342 0
 550 00f8 EC68     		ldr	r4, [r5, #12]
 551 00fa 2740     		ands	r7, r7, r4
 552              	.LVL61:
 553 00fc EF60     		str	r7, [r5, #12]
 554              	.LVL62:
 345:Drivers/STM32L4xx_HAL_Driver/Src/stm32l4xx_hal_gpio.c ****       }
 555              		.loc 1 345 0
 556 00fe A5F58065 		sub	r5, r5, #1024
 557 0102 0EF10204 		add	r4, lr, #2
 558 0106 55F82460 		ldr	r6, [r5, r4, lsl #2]
 559 010a 26EA0C06 		bic	r6, r6, ip
 560 010e 45F82460 		str	r6, [r5, r4, lsl #2]
 561 0112 83E7     		b	.L32
 562              	.LVL63:
 563              	.L46:
 371:Drivers/STM32L4xx_HAL_Driver/Src/stm32l4xx_hal_gpio.c ****   }
 372:Drivers/STM32L4xx_HAL_Driver/Src/stm32l4xx_hal_gpio.c **** }
 564              		.loc 1 372 0
 565 0114 F0BD     		pop	{r4, r5, r6, r7, pc}
 566              	.LVL64:
ARM GAS  /tmp/ccSApThk.s 			page 18


 567              	.L44:
 568              	.LCFI4:
 569              		.cfi_def_cfa_offset 0
 570              		.cfi_restore 4
 571              		.cfi_restore 5
 572              		.cfi_restore 6
 573              		.cfi_restore 7
 574              		.cfi_restore 14
 575 0116 7047     		bx	lr
 576              	.L49:
 577              		.align	2
 578              	.L48:
 579 0118 00000140 		.word	1073807360
 580 011c 00040048 		.word	1207960576
 581 0120 00040140 		.word	1073808384
 582              		.cfi_endproc
 583              	.LFE131:
 585              		.section	.text.HAL_GPIO_ReadPin,"ax",%progbits
 586              		.align	1
 587              		.global	HAL_GPIO_ReadPin
 588              		.syntax unified
 589              		.thumb
 590              		.thumb_func
 591              		.fpu fpv4-sp-d16
 593              	HAL_GPIO_ReadPin:
 594              	.LFB132:
 373:Drivers/STM32L4xx_HAL_Driver/Src/stm32l4xx_hal_gpio.c **** 
 374:Drivers/STM32L4xx_HAL_Driver/Src/stm32l4xx_hal_gpio.c **** /**
 375:Drivers/STM32L4xx_HAL_Driver/Src/stm32l4xx_hal_gpio.c ****   * @}
 376:Drivers/STM32L4xx_HAL_Driver/Src/stm32l4xx_hal_gpio.c ****   */
 377:Drivers/STM32L4xx_HAL_Driver/Src/stm32l4xx_hal_gpio.c **** 
 378:Drivers/STM32L4xx_HAL_Driver/Src/stm32l4xx_hal_gpio.c **** /** @defgroup GPIO_Exported_Functions_Group2 IO operation functions
 379:Drivers/STM32L4xx_HAL_Driver/Src/stm32l4xx_hal_gpio.c ****  *  @brief GPIO Read, Write, Toggle, Lock and EXTI management functions.
 380:Drivers/STM32L4xx_HAL_Driver/Src/stm32l4xx_hal_gpio.c ****  *
 381:Drivers/STM32L4xx_HAL_Driver/Src/stm32l4xx_hal_gpio.c **** @verbatim
 382:Drivers/STM32L4xx_HAL_Driver/Src/stm32l4xx_hal_gpio.c ****  ===============================================================================
 383:Drivers/STM32L4xx_HAL_Driver/Src/stm32l4xx_hal_gpio.c ****                        ##### IO operation functions #####
 384:Drivers/STM32L4xx_HAL_Driver/Src/stm32l4xx_hal_gpio.c ****  ===============================================================================
 385:Drivers/STM32L4xx_HAL_Driver/Src/stm32l4xx_hal_gpio.c **** 
 386:Drivers/STM32L4xx_HAL_Driver/Src/stm32l4xx_hal_gpio.c **** @endverbatim
 387:Drivers/STM32L4xx_HAL_Driver/Src/stm32l4xx_hal_gpio.c ****   * @{
 388:Drivers/STM32L4xx_HAL_Driver/Src/stm32l4xx_hal_gpio.c ****   */
 389:Drivers/STM32L4xx_HAL_Driver/Src/stm32l4xx_hal_gpio.c **** 
 390:Drivers/STM32L4xx_HAL_Driver/Src/stm32l4xx_hal_gpio.c **** /**
 391:Drivers/STM32L4xx_HAL_Driver/Src/stm32l4xx_hal_gpio.c ****   * @brief  Read the specified input port pin.
 392:Drivers/STM32L4xx_HAL_Driver/Src/stm32l4xx_hal_gpio.c ****   * @param  GPIOx where x can be (A..H) to select the GPIO peripheral for STM32L4 family
 393:Drivers/STM32L4xx_HAL_Driver/Src/stm32l4xx_hal_gpio.c ****   * @param  GPIO_Pin specifies the port bit to read.
 394:Drivers/STM32L4xx_HAL_Driver/Src/stm32l4xx_hal_gpio.c ****   *         This parameter can be any combination of GPIO_Pin_x where x can be (0..15).
 395:Drivers/STM32L4xx_HAL_Driver/Src/stm32l4xx_hal_gpio.c ****   * @retval The input port pin value.
 396:Drivers/STM32L4xx_HAL_Driver/Src/stm32l4xx_hal_gpio.c ****   */
 397:Drivers/STM32L4xx_HAL_Driver/Src/stm32l4xx_hal_gpio.c **** GPIO_PinState HAL_GPIO_ReadPin(GPIO_TypeDef* GPIOx, uint16_t GPIO_Pin)
 398:Drivers/STM32L4xx_HAL_Driver/Src/stm32l4xx_hal_gpio.c **** {
 595              		.loc 1 398 0
 596              		.cfi_startproc
 597              		@ args = 0, pretend = 0, frame = 0
 598              		@ frame_needed = 0, uses_anonymous_args = 0
 599              		@ link register save eliminated.
ARM GAS  /tmp/ccSApThk.s 			page 19


 600              	.LVL65:
 399:Drivers/STM32L4xx_HAL_Driver/Src/stm32l4xx_hal_gpio.c ****   GPIO_PinState bitstatus;
 400:Drivers/STM32L4xx_HAL_Driver/Src/stm32l4xx_hal_gpio.c **** 
 401:Drivers/STM32L4xx_HAL_Driver/Src/stm32l4xx_hal_gpio.c ****   /* Check the parameters */
 402:Drivers/STM32L4xx_HAL_Driver/Src/stm32l4xx_hal_gpio.c ****   assert_param(IS_GPIO_PIN(GPIO_Pin));
 403:Drivers/STM32L4xx_HAL_Driver/Src/stm32l4xx_hal_gpio.c **** 
 404:Drivers/STM32L4xx_HAL_Driver/Src/stm32l4xx_hal_gpio.c ****   if ((GPIOx->IDR & GPIO_Pin) != 0x00u)
 601              		.loc 1 404 0
 602 0000 0369     		ldr	r3, [r0, #16]
 603 0002 1942     		tst	r1, r3
 604 0004 01D1     		bne	.L53
 405:Drivers/STM32L4xx_HAL_Driver/Src/stm32l4xx_hal_gpio.c ****   {
 406:Drivers/STM32L4xx_HAL_Driver/Src/stm32l4xx_hal_gpio.c ****     bitstatus = GPIO_PIN_SET;
 407:Drivers/STM32L4xx_HAL_Driver/Src/stm32l4xx_hal_gpio.c ****   }
 408:Drivers/STM32L4xx_HAL_Driver/Src/stm32l4xx_hal_gpio.c ****   else
 409:Drivers/STM32L4xx_HAL_Driver/Src/stm32l4xx_hal_gpio.c ****   {
 410:Drivers/STM32L4xx_HAL_Driver/Src/stm32l4xx_hal_gpio.c ****     bitstatus = GPIO_PIN_RESET;
 605              		.loc 1 410 0
 606 0006 0020     		movs	r0, #0
 607              	.LVL66:
 411:Drivers/STM32L4xx_HAL_Driver/Src/stm32l4xx_hal_gpio.c ****   }
 412:Drivers/STM32L4xx_HAL_Driver/Src/stm32l4xx_hal_gpio.c ****   return bitstatus;
 413:Drivers/STM32L4xx_HAL_Driver/Src/stm32l4xx_hal_gpio.c **** }
 608              		.loc 1 413 0
 609 0008 7047     		bx	lr
 610              	.LVL67:
 611              	.L53:
 406:Drivers/STM32L4xx_HAL_Driver/Src/stm32l4xx_hal_gpio.c ****   }
 612              		.loc 1 406 0
 613 000a 0120     		movs	r0, #1
 614              	.LVL68:
 615 000c 7047     		bx	lr
 616              		.cfi_endproc
 617              	.LFE132:
 619              		.section	.text.HAL_GPIO_WritePin,"ax",%progbits
 620              		.align	1
 621              		.global	HAL_GPIO_WritePin
 622              		.syntax unified
 623              		.thumb
 624              		.thumb_func
 625              		.fpu fpv4-sp-d16
 627              	HAL_GPIO_WritePin:
 628              	.LFB133:
 414:Drivers/STM32L4xx_HAL_Driver/Src/stm32l4xx_hal_gpio.c **** 
 415:Drivers/STM32L4xx_HAL_Driver/Src/stm32l4xx_hal_gpio.c **** /**
 416:Drivers/STM32L4xx_HAL_Driver/Src/stm32l4xx_hal_gpio.c ****   * @brief  Set or clear the selected data port bit.
 417:Drivers/STM32L4xx_HAL_Driver/Src/stm32l4xx_hal_gpio.c ****   *
 418:Drivers/STM32L4xx_HAL_Driver/Src/stm32l4xx_hal_gpio.c ****   * @note   This function uses GPIOx_BSRR and GPIOx_BRR registers to allow atomic read/modify
 419:Drivers/STM32L4xx_HAL_Driver/Src/stm32l4xx_hal_gpio.c ****   *         accesses. In this way, there is no risk of an IRQ occurring between
 420:Drivers/STM32L4xx_HAL_Driver/Src/stm32l4xx_hal_gpio.c ****   *         the read and the modify access.
 421:Drivers/STM32L4xx_HAL_Driver/Src/stm32l4xx_hal_gpio.c ****   *
 422:Drivers/STM32L4xx_HAL_Driver/Src/stm32l4xx_hal_gpio.c ****   * @param  GPIOx where x can be (A..H) to select the GPIO peripheral for STM32L4 family
 423:Drivers/STM32L4xx_HAL_Driver/Src/stm32l4xx_hal_gpio.c ****   * @param  GPIO_Pin specifies the port bit to be written.
 424:Drivers/STM32L4xx_HAL_Driver/Src/stm32l4xx_hal_gpio.c ****   *         This parameter can be any combination of GPIO_Pin_x where x can be (0..15).
 425:Drivers/STM32L4xx_HAL_Driver/Src/stm32l4xx_hal_gpio.c ****   * @param  PinState specifies the value to be written to the selected bit.
 426:Drivers/STM32L4xx_HAL_Driver/Src/stm32l4xx_hal_gpio.c ****   *         This parameter can be one of the GPIO_PinState enum values:
 427:Drivers/STM32L4xx_HAL_Driver/Src/stm32l4xx_hal_gpio.c ****   *            @arg GPIO_PIN_RESET: to clear the port pin
ARM GAS  /tmp/ccSApThk.s 			page 20


 428:Drivers/STM32L4xx_HAL_Driver/Src/stm32l4xx_hal_gpio.c ****   *            @arg GPIO_PIN_SET: to set the port pin
 429:Drivers/STM32L4xx_HAL_Driver/Src/stm32l4xx_hal_gpio.c ****   * @retval None
 430:Drivers/STM32L4xx_HAL_Driver/Src/stm32l4xx_hal_gpio.c ****   */
 431:Drivers/STM32L4xx_HAL_Driver/Src/stm32l4xx_hal_gpio.c **** void HAL_GPIO_WritePin(GPIO_TypeDef* GPIOx, uint16_t GPIO_Pin, GPIO_PinState PinState)
 432:Drivers/STM32L4xx_HAL_Driver/Src/stm32l4xx_hal_gpio.c **** {
 629              		.loc 1 432 0
 630              		.cfi_startproc
 631              		@ args = 0, pretend = 0, frame = 0
 632              		@ frame_needed = 0, uses_anonymous_args = 0
 633              		@ link register save eliminated.
 634              	.LVL69:
 433:Drivers/STM32L4xx_HAL_Driver/Src/stm32l4xx_hal_gpio.c ****   /* Check the parameters */
 434:Drivers/STM32L4xx_HAL_Driver/Src/stm32l4xx_hal_gpio.c ****   assert_param(IS_GPIO_PIN(GPIO_Pin));
 435:Drivers/STM32L4xx_HAL_Driver/Src/stm32l4xx_hal_gpio.c ****   assert_param(IS_GPIO_PIN_ACTION(PinState));
 436:Drivers/STM32L4xx_HAL_Driver/Src/stm32l4xx_hal_gpio.c **** 
 437:Drivers/STM32L4xx_HAL_Driver/Src/stm32l4xx_hal_gpio.c ****   if(PinState != GPIO_PIN_RESET)
 635              		.loc 1 437 0
 636 0000 0AB9     		cbnz	r2, .L57
 438:Drivers/STM32L4xx_HAL_Driver/Src/stm32l4xx_hal_gpio.c ****   {
 439:Drivers/STM32L4xx_HAL_Driver/Src/stm32l4xx_hal_gpio.c ****     GPIOx->BSRR = (uint32_t)GPIO_Pin;
 440:Drivers/STM32L4xx_HAL_Driver/Src/stm32l4xx_hal_gpio.c ****   }
 441:Drivers/STM32L4xx_HAL_Driver/Src/stm32l4xx_hal_gpio.c ****   else
 442:Drivers/STM32L4xx_HAL_Driver/Src/stm32l4xx_hal_gpio.c ****   {
 443:Drivers/STM32L4xx_HAL_Driver/Src/stm32l4xx_hal_gpio.c ****     GPIOx->BRR = (uint32_t)GPIO_Pin;
 637              		.loc 1 443 0
 638 0002 8162     		str	r1, [r0, #40]
 639 0004 7047     		bx	lr
 640              	.L57:
 439:Drivers/STM32L4xx_HAL_Driver/Src/stm32l4xx_hal_gpio.c ****   }
 641              		.loc 1 439 0
 642 0006 8161     		str	r1, [r0, #24]
 643 0008 7047     		bx	lr
 644              		.cfi_endproc
 645              	.LFE133:
 647              		.section	.text.HAL_GPIO_TogglePin,"ax",%progbits
 648              		.align	1
 649              		.global	HAL_GPIO_TogglePin
 650              		.syntax unified
 651              		.thumb
 652              		.thumb_func
 653              		.fpu fpv4-sp-d16
 655              	HAL_GPIO_TogglePin:
 656              	.LFB134:
 444:Drivers/STM32L4xx_HAL_Driver/Src/stm32l4xx_hal_gpio.c ****   }
 445:Drivers/STM32L4xx_HAL_Driver/Src/stm32l4xx_hal_gpio.c **** }
 446:Drivers/STM32L4xx_HAL_Driver/Src/stm32l4xx_hal_gpio.c **** 
 447:Drivers/STM32L4xx_HAL_Driver/Src/stm32l4xx_hal_gpio.c **** /**
 448:Drivers/STM32L4xx_HAL_Driver/Src/stm32l4xx_hal_gpio.c ****   * @brief  Toggle the specified GPIO pin.
 449:Drivers/STM32L4xx_HAL_Driver/Src/stm32l4xx_hal_gpio.c ****   * @param  GPIOx where x can be (A..H) to select the GPIO peripheral for STM32L4 family
 450:Drivers/STM32L4xx_HAL_Driver/Src/stm32l4xx_hal_gpio.c ****   * @param  GPIO_Pin specifies the pin to be toggled.
 451:Drivers/STM32L4xx_HAL_Driver/Src/stm32l4xx_hal_gpio.c ****   * @retval None
 452:Drivers/STM32L4xx_HAL_Driver/Src/stm32l4xx_hal_gpio.c ****   */
 453:Drivers/STM32L4xx_HAL_Driver/Src/stm32l4xx_hal_gpio.c **** void HAL_GPIO_TogglePin(GPIO_TypeDef* GPIOx, uint16_t GPIO_Pin)
 454:Drivers/STM32L4xx_HAL_Driver/Src/stm32l4xx_hal_gpio.c **** {
 657              		.loc 1 454 0
 658              		.cfi_startproc
 659              		@ args = 0, pretend = 0, frame = 0
ARM GAS  /tmp/ccSApThk.s 			page 21


 660              		@ frame_needed = 0, uses_anonymous_args = 0
 661              		@ link register save eliminated.
 662              	.LVL70:
 455:Drivers/STM32L4xx_HAL_Driver/Src/stm32l4xx_hal_gpio.c ****   /* Check the parameters */
 456:Drivers/STM32L4xx_HAL_Driver/Src/stm32l4xx_hal_gpio.c ****   assert_param(IS_GPIO_PIN(GPIO_Pin));
 457:Drivers/STM32L4xx_HAL_Driver/Src/stm32l4xx_hal_gpio.c **** 
 458:Drivers/STM32L4xx_HAL_Driver/Src/stm32l4xx_hal_gpio.c ****   if ((GPIOx->ODR & GPIO_Pin) != 0x00u)
 663              		.loc 1 458 0
 664 0000 4369     		ldr	r3, [r0, #20]
 665 0002 0B42     		tst	r3, r1
 666 0004 01D1     		bne	.L61
 459:Drivers/STM32L4xx_HAL_Driver/Src/stm32l4xx_hal_gpio.c ****   {
 460:Drivers/STM32L4xx_HAL_Driver/Src/stm32l4xx_hal_gpio.c ****     GPIOx->BRR = (uint32_t)GPIO_Pin;
 461:Drivers/STM32L4xx_HAL_Driver/Src/stm32l4xx_hal_gpio.c ****   }
 462:Drivers/STM32L4xx_HAL_Driver/Src/stm32l4xx_hal_gpio.c ****   else
 463:Drivers/STM32L4xx_HAL_Driver/Src/stm32l4xx_hal_gpio.c ****   {
 464:Drivers/STM32L4xx_HAL_Driver/Src/stm32l4xx_hal_gpio.c ****     GPIOx->BSRR = (uint32_t)GPIO_Pin;
 667              		.loc 1 464 0
 668 0006 8161     		str	r1, [r0, #24]
 669 0008 7047     		bx	lr
 670              	.L61:
 460:Drivers/STM32L4xx_HAL_Driver/Src/stm32l4xx_hal_gpio.c ****   }
 671              		.loc 1 460 0
 672 000a 8162     		str	r1, [r0, #40]
 673 000c 7047     		bx	lr
 674              		.cfi_endproc
 675              	.LFE134:
 677              		.section	.text.HAL_GPIO_LockPin,"ax",%progbits
 678              		.align	1
 679              		.global	HAL_GPIO_LockPin
 680              		.syntax unified
 681              		.thumb
 682              		.thumb_func
 683              		.fpu fpv4-sp-d16
 685              	HAL_GPIO_LockPin:
 686              	.LFB135:
 465:Drivers/STM32L4xx_HAL_Driver/Src/stm32l4xx_hal_gpio.c ****   }
 466:Drivers/STM32L4xx_HAL_Driver/Src/stm32l4xx_hal_gpio.c **** }
 467:Drivers/STM32L4xx_HAL_Driver/Src/stm32l4xx_hal_gpio.c **** 
 468:Drivers/STM32L4xx_HAL_Driver/Src/stm32l4xx_hal_gpio.c **** /**
 469:Drivers/STM32L4xx_HAL_Driver/Src/stm32l4xx_hal_gpio.c **** * @brief  Lock GPIO Pins configuration registers.
 470:Drivers/STM32L4xx_HAL_Driver/Src/stm32l4xx_hal_gpio.c ****   * @note   The locked registers are GPIOx_MODER, GPIOx_OTYPER, GPIOx_OSPEEDR,
 471:Drivers/STM32L4xx_HAL_Driver/Src/stm32l4xx_hal_gpio.c ****   *         GPIOx_PUPDR, GPIOx_AFRL and GPIOx_AFRH.
 472:Drivers/STM32L4xx_HAL_Driver/Src/stm32l4xx_hal_gpio.c ****   * @note   The configuration of the locked GPIO pins can no longer be modified
 473:Drivers/STM32L4xx_HAL_Driver/Src/stm32l4xx_hal_gpio.c ****   *         until the next reset.
 474:Drivers/STM32L4xx_HAL_Driver/Src/stm32l4xx_hal_gpio.c ****   * @param  GPIOx where x can be (A..H) to select the GPIO peripheral for STM32L4 family
 475:Drivers/STM32L4xx_HAL_Driver/Src/stm32l4xx_hal_gpio.c ****   * @param  GPIO_Pin specifies the port bits to be locked.
 476:Drivers/STM32L4xx_HAL_Driver/Src/stm32l4xx_hal_gpio.c ****   *         This parameter can be any combination of GPIO_Pin_x where x can be (0..15).
 477:Drivers/STM32L4xx_HAL_Driver/Src/stm32l4xx_hal_gpio.c ****   * @retval None
 478:Drivers/STM32L4xx_HAL_Driver/Src/stm32l4xx_hal_gpio.c ****   */
 479:Drivers/STM32L4xx_HAL_Driver/Src/stm32l4xx_hal_gpio.c **** HAL_StatusTypeDef HAL_GPIO_LockPin(GPIO_TypeDef* GPIOx, uint16_t GPIO_Pin)
 480:Drivers/STM32L4xx_HAL_Driver/Src/stm32l4xx_hal_gpio.c **** {
 687              		.loc 1 480 0
 688              		.cfi_startproc
 689              		@ args = 0, pretend = 0, frame = 8
 690              		@ frame_needed = 0, uses_anonymous_args = 0
 691              		@ link register save eliminated.
ARM GAS  /tmp/ccSApThk.s 			page 22


 692              	.LVL71:
 693 0000 82B0     		sub	sp, sp, #8
 694              	.LCFI5:
 695              		.cfi_def_cfa_offset 8
 481:Drivers/STM32L4xx_HAL_Driver/Src/stm32l4xx_hal_gpio.c ****   __IO uint32_t tmp = GPIO_LCKR_LCKK;
 696              		.loc 1 481 0
 697 0002 4FF48033 		mov	r3, #65536
 698 0006 0193     		str	r3, [sp, #4]
 482:Drivers/STM32L4xx_HAL_Driver/Src/stm32l4xx_hal_gpio.c **** 
 483:Drivers/STM32L4xx_HAL_Driver/Src/stm32l4xx_hal_gpio.c ****   /* Check the parameters */
 484:Drivers/STM32L4xx_HAL_Driver/Src/stm32l4xx_hal_gpio.c ****   assert_param(IS_GPIO_LOCK_INSTANCE(GPIOx));
 485:Drivers/STM32L4xx_HAL_Driver/Src/stm32l4xx_hal_gpio.c ****   assert_param(IS_GPIO_PIN(GPIO_Pin));
 486:Drivers/STM32L4xx_HAL_Driver/Src/stm32l4xx_hal_gpio.c **** 
 487:Drivers/STM32L4xx_HAL_Driver/Src/stm32l4xx_hal_gpio.c ****   /* Apply lock key write sequence */
 488:Drivers/STM32L4xx_HAL_Driver/Src/stm32l4xx_hal_gpio.c ****   tmp |= GPIO_Pin;
 699              		.loc 1 488 0
 700 0008 019B     		ldr	r3, [sp, #4]
 701 000a 0B43     		orrs	r3, r3, r1
 702 000c 0193     		str	r3, [sp, #4]
 489:Drivers/STM32L4xx_HAL_Driver/Src/stm32l4xx_hal_gpio.c ****   /* Set LCKx bit(s): LCKK='1' + LCK[15-0] */
 490:Drivers/STM32L4xx_HAL_Driver/Src/stm32l4xx_hal_gpio.c ****   GPIOx->LCKR = tmp;
 703              		.loc 1 490 0
 704 000e 019B     		ldr	r3, [sp, #4]
 705 0010 C361     		str	r3, [r0, #28]
 491:Drivers/STM32L4xx_HAL_Driver/Src/stm32l4xx_hal_gpio.c ****   /* Reset LCKx bit(s): LCKK='0' + LCK[15-0] */
 492:Drivers/STM32L4xx_HAL_Driver/Src/stm32l4xx_hal_gpio.c ****   GPIOx->LCKR = GPIO_Pin;
 706              		.loc 1 492 0
 707 0012 C161     		str	r1, [r0, #28]
 493:Drivers/STM32L4xx_HAL_Driver/Src/stm32l4xx_hal_gpio.c ****   /* Set LCKx bit(s): LCKK='1' + LCK[15-0] */
 494:Drivers/STM32L4xx_HAL_Driver/Src/stm32l4xx_hal_gpio.c ****   GPIOx->LCKR = tmp;
 708              		.loc 1 494 0
 709 0014 019B     		ldr	r3, [sp, #4]
 710 0016 C361     		str	r3, [r0, #28]
 495:Drivers/STM32L4xx_HAL_Driver/Src/stm32l4xx_hal_gpio.c ****   /* Read LCKK register. This read is mandatory to complete key lock sequence */
 496:Drivers/STM32L4xx_HAL_Driver/Src/stm32l4xx_hal_gpio.c ****   tmp = GPIOx->LCKR;
 711              		.loc 1 496 0
 712 0018 C369     		ldr	r3, [r0, #28]
 713 001a 0193     		str	r3, [sp, #4]
 497:Drivers/STM32L4xx_HAL_Driver/Src/stm32l4xx_hal_gpio.c **** 
 498:Drivers/STM32L4xx_HAL_Driver/Src/stm32l4xx_hal_gpio.c ****   /* Read again in order to confirm lock is active */
 499:Drivers/STM32L4xx_HAL_Driver/Src/stm32l4xx_hal_gpio.c ****   if ((GPIOx->LCKR & GPIO_LCKR_LCKK) != 0x00u)
 714              		.loc 1 499 0
 715 001c C369     		ldr	r3, [r0, #28]
 716 001e 13F4803F 		tst	r3, #65536
 717 0022 02D1     		bne	.L66
 500:Drivers/STM32L4xx_HAL_Driver/Src/stm32l4xx_hal_gpio.c ****   {
 501:Drivers/STM32L4xx_HAL_Driver/Src/stm32l4xx_hal_gpio.c ****     return HAL_OK;
 502:Drivers/STM32L4xx_HAL_Driver/Src/stm32l4xx_hal_gpio.c ****   }
 503:Drivers/STM32L4xx_HAL_Driver/Src/stm32l4xx_hal_gpio.c ****   else
 504:Drivers/STM32L4xx_HAL_Driver/Src/stm32l4xx_hal_gpio.c ****   {
 505:Drivers/STM32L4xx_HAL_Driver/Src/stm32l4xx_hal_gpio.c ****     return HAL_ERROR;
 718              		.loc 1 505 0
 719 0024 0120     		movs	r0, #1
 720              	.LVL72:
 721              	.L63:
 506:Drivers/STM32L4xx_HAL_Driver/Src/stm32l4xx_hal_gpio.c ****   }
 507:Drivers/STM32L4xx_HAL_Driver/Src/stm32l4xx_hal_gpio.c **** }
ARM GAS  /tmp/ccSApThk.s 			page 23


 722              		.loc 1 507 0
 723 0026 02B0     		add	sp, sp, #8
 724              	.LCFI6:
 725              		.cfi_remember_state
 726              		.cfi_def_cfa_offset 0
 727              		@ sp needed
 728 0028 7047     		bx	lr
 729              	.LVL73:
 730              	.L66:
 731              	.LCFI7:
 732              		.cfi_restore_state
 501:Drivers/STM32L4xx_HAL_Driver/Src/stm32l4xx_hal_gpio.c ****   }
 733              		.loc 1 501 0
 734 002a 0020     		movs	r0, #0
 735              	.LVL74:
 736 002c FBE7     		b	.L63
 737              		.cfi_endproc
 738              	.LFE135:
 740              		.section	.text.HAL_GPIO_EXTI_Callback,"ax",%progbits
 741              		.align	1
 742              		.weak	HAL_GPIO_EXTI_Callback
 743              		.syntax unified
 744              		.thumb
 745              		.thumb_func
 746              		.fpu fpv4-sp-d16
 748              	HAL_GPIO_EXTI_Callback:
 749              	.LFB137:
 508:Drivers/STM32L4xx_HAL_Driver/Src/stm32l4xx_hal_gpio.c **** 
 509:Drivers/STM32L4xx_HAL_Driver/Src/stm32l4xx_hal_gpio.c **** /**
 510:Drivers/STM32L4xx_HAL_Driver/Src/stm32l4xx_hal_gpio.c ****   * @brief  Handle EXTI interrupt request.
 511:Drivers/STM32L4xx_HAL_Driver/Src/stm32l4xx_hal_gpio.c ****   * @param  GPIO_Pin Specifies the port pin connected to corresponding EXTI line.
 512:Drivers/STM32L4xx_HAL_Driver/Src/stm32l4xx_hal_gpio.c ****   * @retval None
 513:Drivers/STM32L4xx_HAL_Driver/Src/stm32l4xx_hal_gpio.c ****   */
 514:Drivers/STM32L4xx_HAL_Driver/Src/stm32l4xx_hal_gpio.c **** void HAL_GPIO_EXTI_IRQHandler(uint16_t GPIO_Pin)
 515:Drivers/STM32L4xx_HAL_Driver/Src/stm32l4xx_hal_gpio.c **** {
 516:Drivers/STM32L4xx_HAL_Driver/Src/stm32l4xx_hal_gpio.c ****   /* EXTI line interrupt detected */
 517:Drivers/STM32L4xx_HAL_Driver/Src/stm32l4xx_hal_gpio.c ****   if(__HAL_GPIO_EXTI_GET_IT(GPIO_Pin) != 0x00u)
 518:Drivers/STM32L4xx_HAL_Driver/Src/stm32l4xx_hal_gpio.c ****   {
 519:Drivers/STM32L4xx_HAL_Driver/Src/stm32l4xx_hal_gpio.c ****     __HAL_GPIO_EXTI_CLEAR_IT(GPIO_Pin);
 520:Drivers/STM32L4xx_HAL_Driver/Src/stm32l4xx_hal_gpio.c ****     HAL_GPIO_EXTI_Callback(GPIO_Pin);
 521:Drivers/STM32L4xx_HAL_Driver/Src/stm32l4xx_hal_gpio.c ****   }
 522:Drivers/STM32L4xx_HAL_Driver/Src/stm32l4xx_hal_gpio.c **** }
 523:Drivers/STM32L4xx_HAL_Driver/Src/stm32l4xx_hal_gpio.c **** 
 524:Drivers/STM32L4xx_HAL_Driver/Src/stm32l4xx_hal_gpio.c **** /**
 525:Drivers/STM32L4xx_HAL_Driver/Src/stm32l4xx_hal_gpio.c ****   * @brief  EXTI line detection callback.
 526:Drivers/STM32L4xx_HAL_Driver/Src/stm32l4xx_hal_gpio.c ****   * @param  GPIO_Pin Specifies the port pin connected to corresponding EXTI line.
 527:Drivers/STM32L4xx_HAL_Driver/Src/stm32l4xx_hal_gpio.c ****   * @retval None
 528:Drivers/STM32L4xx_HAL_Driver/Src/stm32l4xx_hal_gpio.c ****   */
 529:Drivers/STM32L4xx_HAL_Driver/Src/stm32l4xx_hal_gpio.c **** __weak void HAL_GPIO_EXTI_Callback(uint16_t GPIO_Pin)
 530:Drivers/STM32L4xx_HAL_Driver/Src/stm32l4xx_hal_gpio.c **** {
 750              		.loc 1 530 0
 751              		.cfi_startproc
 752              		@ args = 0, pretend = 0, frame = 0
 753              		@ frame_needed = 0, uses_anonymous_args = 0
 754              		@ link register save eliminated.
 755              	.LVL75:
 756 0000 7047     		bx	lr
ARM GAS  /tmp/ccSApThk.s 			page 24


 757              		.cfi_endproc
 758              	.LFE137:
 760              		.section	.text.HAL_GPIO_EXTI_IRQHandler,"ax",%progbits
 761              		.align	1
 762              		.global	HAL_GPIO_EXTI_IRQHandler
 763              		.syntax unified
 764              		.thumb
 765              		.thumb_func
 766              		.fpu fpv4-sp-d16
 768              	HAL_GPIO_EXTI_IRQHandler:
 769              	.LFB136:
 515:Drivers/STM32L4xx_HAL_Driver/Src/stm32l4xx_hal_gpio.c ****   /* EXTI line interrupt detected */
 770              		.loc 1 515 0
 771              		.cfi_startproc
 772              		@ args = 0, pretend = 0, frame = 0
 773              		@ frame_needed = 0, uses_anonymous_args = 0
 774              	.LVL76:
 515:Drivers/STM32L4xx_HAL_Driver/Src/stm32l4xx_hal_gpio.c ****   /* EXTI line interrupt detected */
 775              		.loc 1 515 0
 776 0000 08B5     		push	{r3, lr}
 777              	.LCFI8:
 778              		.cfi_def_cfa_offset 8
 779              		.cfi_offset 3, -8
 780              		.cfi_offset 14, -4
 517:Drivers/STM32L4xx_HAL_Driver/Src/stm32l4xx_hal_gpio.c ****   {
 781              		.loc 1 517 0
 782 0002 054B     		ldr	r3, .L72
 783 0004 5B69     		ldr	r3, [r3, #20]
 784 0006 0342     		tst	r3, r0
 785 0008 00D1     		bne	.L71
 786              	.LVL77:
 787              	.L68:
 788 000a 08BD     		pop	{r3, pc}
 789              	.LVL78:
 790              	.L71:
 519:Drivers/STM32L4xx_HAL_Driver/Src/stm32l4xx_hal_gpio.c ****     HAL_GPIO_EXTI_Callback(GPIO_Pin);
 791              		.loc 1 519 0
 792 000c 024B     		ldr	r3, .L72
 793 000e 5861     		str	r0, [r3, #20]
 520:Drivers/STM32L4xx_HAL_Driver/Src/stm32l4xx_hal_gpio.c ****   }
 794              		.loc 1 520 0
 795 0010 FFF7FEFF 		bl	HAL_GPIO_EXTI_Callback
 796              	.LVL79:
 522:Drivers/STM32L4xx_HAL_Driver/Src/stm32l4xx_hal_gpio.c **** 
 797              		.loc 1 522 0
 798 0014 F9E7     		b	.L68
 799              	.L73:
 800 0016 00BF     		.align	2
 801              	.L72:
 802 0018 00040140 		.word	1073808384
 803              		.cfi_endproc
 804              	.LFE136:
 806              		.text
 807              	.Letext0:
 808              		.file 2 "/usr/include/newlib/machine/_default_types.h"
 809              		.file 3 "/usr/include/newlib/sys/_stdint.h"
 810              		.file 4 "Drivers/CMSIS/Include/core_cm4.h"
ARM GAS  /tmp/ccSApThk.s 			page 25


 811              		.file 5 "Drivers/CMSIS/Device/ST/STM32L4xx/Include/system_stm32l4xx.h"
 812              		.file 6 "Drivers/CMSIS/Device/ST/STM32L4xx/Include/stm32l476xx.h"
 813              		.file 7 "Drivers/STM32L4xx_HAL_Driver/Inc/stm32l4xx_hal_def.h"
 814              		.file 8 "Drivers/STM32L4xx_HAL_Driver/Inc/stm32l4xx_hal_gpio.h"
 815              		.file 9 "Drivers/STM32L4xx_HAL_Driver/Inc/stm32l4xx_hal_flash.h"
 816              		.file 10 "Drivers/STM32L4xx_HAL_Driver/Inc/stm32l4xx_hal.h"
ARM GAS  /tmp/ccSApThk.s 			page 26


DEFINED SYMBOLS
                            *ABS*:0000000000000000 stm32l4xx_hal_gpio.c
     /tmp/ccSApThk.s:18     .text.HAL_GPIO_Init:0000000000000000 $t
     /tmp/ccSApThk.s:25     .text.HAL_GPIO_Init:0000000000000000 HAL_GPIO_Init
     /tmp/ccSApThk.s:368    .text.HAL_GPIO_Init:00000000000001cc $d
     /tmp/ccSApThk.s:376    .text.HAL_GPIO_DeInit:0000000000000000 $t
     /tmp/ccSApThk.s:383    .text.HAL_GPIO_DeInit:0000000000000000 HAL_GPIO_DeInit
     /tmp/ccSApThk.s:579    .text.HAL_GPIO_DeInit:0000000000000118 $d
     /tmp/ccSApThk.s:586    .text.HAL_GPIO_ReadPin:0000000000000000 $t
     /tmp/ccSApThk.s:593    .text.HAL_GPIO_ReadPin:0000000000000000 HAL_GPIO_ReadPin
     /tmp/ccSApThk.s:620    .text.HAL_GPIO_WritePin:0000000000000000 $t
     /tmp/ccSApThk.s:627    .text.HAL_GPIO_WritePin:0000000000000000 HAL_GPIO_WritePin
     /tmp/ccSApThk.s:648    .text.HAL_GPIO_TogglePin:0000000000000000 $t
     /tmp/ccSApThk.s:655    .text.HAL_GPIO_TogglePin:0000000000000000 HAL_GPIO_TogglePin
     /tmp/ccSApThk.s:678    .text.HAL_GPIO_LockPin:0000000000000000 $t
     /tmp/ccSApThk.s:685    .text.HAL_GPIO_LockPin:0000000000000000 HAL_GPIO_LockPin
     /tmp/ccSApThk.s:741    .text.HAL_GPIO_EXTI_Callback:0000000000000000 $t
     /tmp/ccSApThk.s:748    .text.HAL_GPIO_EXTI_Callback:0000000000000000 HAL_GPIO_EXTI_Callback
     /tmp/ccSApThk.s:761    .text.HAL_GPIO_EXTI_IRQHandler:0000000000000000 $t
     /tmp/ccSApThk.s:768    .text.HAL_GPIO_EXTI_IRQHandler:0000000000000000 HAL_GPIO_EXTI_IRQHandler
     /tmp/ccSApThk.s:802    .text.HAL_GPIO_EXTI_IRQHandler:0000000000000018 $d
                     .debug_frame:0000000000000010 $d

NO UNDEFINED SYMBOLS
